header %%MatrixMarket matrix coordinate real general
header %
words [32738 68579 37323295]
rowdim, coldim, rowlength 32738 68579 37323295
26835
end building
digraph structs {
  node [shape=Mrecord];
  3 [label="<name> cell |{<f0> cellid | 67259} |{<f1> next | *main.cell(nil)} |{<f2> skip | *main.cell(nil)}  "];
  2 [label="<name> cell |{<f0> cellid | 21614} |<f1> next|<f2> skip "];
  2:f1 -> 3:name;
  2:f2 -> 3:name;
  1 [label="<name> cell |{<f0> cellid | 13769} |<f1> next|<f2> skip "];
  1:f1 -> 2:name;
  1:f2 -> 2:name;
}

digraph structs {
  node [shape=Mrecord];
  4 [label="<name> cell |{<f0> cellid | 59869} |{<f1> next | *main.cell(nil)} |{<f2> skip | *main.cell(nil)}  "];
  3 [label="<name> cell |{<f0> cellid | 55217} |<f1> next|<f2> skip "];
  3:f1 -> 4:name;
  3:f2 -> 4:name;
  2 [label="<name> cell |{<f0> cellid | 12956} |<f1> next|<f2> skip "];
  2:f1 -> 3:name;
  2:f2 -> 3:name;
  1 [label="<name> cell |{<f0> cellid | 12299} |<f1> next|<f2> skip "];
  1:f1 -> 2:name;
  1:f2 -> 2:name;
}

digraph structs {
  node [shape=Mrecord];
  7 [label="<name> cell |{<f0> cellid | 67259} |{<f1> next | *main.cell(nil)} |{<f2> skip | *main.cell(nil)}  "];
  6 [label="<name> cell |{<f0> cellid | 59869} |<f1> next|{<f2> skip | *main.cell(nil)}  "];
  6:f1 -> 7:name;
  5 [label="<name> cell |{<f0> cellid | 55217} |<f1> next|<f2> skip "];
  5:f1 -> 6:name;
  5:f2 -> 7:name;
  4 [label="<name> cell |{<f0> cellid | 21614} |<f1> next|{<f2> skip | *main.cell(nil)}  "];
  4:f1 -> 5:name;
  3 [label="<name> cell |{<f0> cellid | 13769} |<f1> next|<f2> skip "];
  3:f1 -> 4:name;
  3:f2 -> 5:name;
  2 [label="<name> cell |{<f0> cellid | 12956} |<f1> next|{<f2> skip | *main.cell(nil)}  "];
  2:f1 -> 3:name;
  1 [label="<name> cell |{<f0> cellid | 12299} |<f1> next|<f2> skip "];
  1:f1 -> 2:name;
  1:f2 -> 3:name;
}

cella &{1 0xc4200e4040 0xc4200fed80}
cellb &{12299 0xc4331db5a0 0xc4331db5a0}
loop - cella, cellb &{1 0xc4200e4040 0xc4200fed80} &{12299 0xc4331db5a0 0xc4331db5a0}
loop - cella < cellb &{1 0xc4200e4040 0xc4200fed80} &{12299 0xc4331db5a0 0xc4331db5a0}
diff > skipval
skipping all the way
cella &{1 0xc4200e4040 0xc4200fed80}
cellb &{12299 0xc4331db5a0 0xc4331db5a0}
skipping all the way
cella &{100 0xc42010adc0 0xc4205a9760}
cellb &{12299 0xc4331db5a0 0xc4331db5a0}
skipping all the way
cella &{200 0xc420605d00 0xc42085ddc0}
cellb &{12299 0xc4331db5a0 0xc4331db5a0}
skipping all the way
cella &{300 0xc42086f460 0xc4207aeac0}
cellb &{12299 0xc4331db5a0 0xc4331db5a0}
skipping all the way
cella &{400 0xc4207e4aa0 0xc420f270a0}
cellb &{12299 0xc4331db5a0 0xc4331db5a0}
skipping all the way
cella &{501 0xc420f33460 0xc420d8d1e0}
cellb &{12299 0xc4331db5a0 0xc4331db5a0}
skipping all the way
cella &{600 0xc420dbd760 0xc421429100}
cellb &{12299 0xc4331db5a0 0xc4331db5a0}
skipping all the way
cella &{700 0xc421435b40 0xc421012be0}
cellb &{12299 0xc4331db5a0 0xc4331db5a0}
skipping all the way
cella &{800 0xc4210f3460 0xc421793e20}
cellb &{12299 0xc4331db5a0 0xc4331db5a0}
skipping all the way
cella &{900 0xc4217c2180 0xc4207334a0}
cellb &{12299 0xc4331db5a0 0xc4331db5a0}
skipping all the way
cella &{1000 0xc42083f740 0xc42163eb40}
cellb &{12299 0xc4331db5a0 0xc4331db5a0}
skipping all the way
cella &{1100 0xc421650a20 0xc421db7e80}
cellb &{12299 0xc4331db5a0 0xc4331db5a0}
skipping all the way
cella &{1203 0xc421dc9000 0xc42071a860}
cellb &{12299 0xc4331db5a0 0xc4331db5a0}
skipping all the way
cella &{1300 0xc4207cee20 0xc4216e7a20}
cellb &{12299 0xc4331db5a0 0xc4331db5a0}
skipping all the way
cella &{1400 0xc42171dd40 0xc4224ea4c0}
cellb &{12299 0xc4331db5a0 0xc4331db5a0}
skipping all the way
cella &{1500 0xc4224f6140 0xc4229fc680}
cellb &{12299 0xc4331db5a0 0xc4331db5a0}
skipping all the way
cella &{1600 0xc422a18860 0xc422f1aa20}
cellb &{12299 0xc4331db5a0 0xc4331db5a0}
skipping all the way
cella &{1700 0xc422f26c40 0xc423455da0}
cellb &{12299 0xc4331db5a0 0xc4331db5a0}
skipping all the way
cella &{1800 0xc4234667c0 0xc421f3adc0}
cellb &{12299 0xc4331db5a0 0xc4331db5a0}
skipping all the way
cella &{1900 0xc422012ae0 0xc422684be0}
cellb &{12299 0xc4331db5a0 0xc4331db5a0}
skipping all the way
cella &{2000 0xc4226974a0 0xc4226391a0}
cellb &{12299 0xc4331db5a0 0xc4331db5a0}
skipping all the way
cella &{2100 0xc4228560a0 0xc4237771e0}
cellb &{12299 0xc4331db5a0 0xc4331db5a0}
skipping all the way
cella &{2200 0xc423782700 0xc423c59780}
cellb &{12299 0xc4331db5a0 0xc4331db5a0}
skipping all the way
cella &{2300 0xc423c70760 0xc4241a2620}
cellb &{12299 0xc4331db5a0 0xc4331db5a0}
skipping all the way
cella &{2400 0xc4241ae360 0xc42312fa80}
cellb &{12299 0xc4331db5a0 0xc4331db5a0}
skipping all the way
cella &{2500 0xc421b8cea0 0xc422698760}
cellb &{12299 0xc4331db5a0 0xc4331db5a0}
skipping all the way
cella &{2600 0xc4226e4a40 0xc422ea0340}
cellb &{12299 0xc4331db5a0 0xc4331db5a0}
skipping all the way
cella &{2700 0xc422ed7780 0xc423eaf4e0}
cellb &{12299 0xc4331db5a0 0xc4331db5a0}
skipping all the way
cella &{2801 0xc423ed2b60 0xc4238c9760}
cellb &{12299 0xc4331db5a0 0xc4331db5a0}
skipping all the way
cella &{2900 0xc4238e18a0 0xc42482f0e0}
cellb &{12299 0xc4331db5a0 0xc4331db5a0}
skipping all the way
cella &{3001 0xc42483abe0 0xc424d3a6a0}
cellb &{12299 0xc4331db5a0 0xc4331db5a0}
skipping all the way
cella &{3100 0xc424d58920 0xc4252a1460}
cellb &{12299 0xc4331db5a0 0xc4331db5a0}
skipping all the way
cella &{3200 0xc4252ad0c0 0xc4257a82c0}
cellb &{12299 0xc4331db5a0 0xc4331db5a0}
skipping all the way
cella &{3300 0xc4257c0f60 0xc4218d1fa0}
cellb &{12299 0xc4331db5a0 0xc4331db5a0}
skipping all the way
cella &{3400 0xc421e1f920 0xc42418e560}
cellb &{12299 0xc4331db5a0 0xc4331db5a0}
skipping all the way
cella &{3500 0xc42420c400 0xc424126060}
cellb &{12299 0xc4331db5a0 0xc4331db5a0}
skipping all the way
cella &{3600 0xc42415c240 0xc424cb28a0}
cellb &{12299 0xc4331db5a0 0xc4331db5a0}
skipping all the way
cella &{3700 0xc424cc4920 0xc42463f3a0}
cellb &{12299 0xc4331db5a0 0xc4331db5a0}
skipping all the way
cella &{3800 0xc4246565a0 0xc42052f8a0}
cellb &{12299 0xc4331db5a0 0xc4331db5a0}
skipping all the way
cella &{3900 0xc420546f00 0xc425dbc940}
cellb &{12299 0xc4331db5a0 0xc4331db5a0}
skipping all the way
cella &{4000 0xc425dc9040 0xc42632e1a0}
cellb &{12299 0xc4331db5a0 0xc4331db5a0}
skipping all the way
cella &{4100 0xc42633ae40 0xc4268116e0}
cellb &{12299 0xc4331db5a0 0xc4331db5a0}
skipping all the way
cella &{4200 0xc42681dd40 0xc426d61380}
cellb &{12299 0xc4331db5a0 0xc4331db5a0}
skipping all the way
cella &{4300 0xc426d6d500 0xc427248d40}
cellb &{12299 0xc4331db5a0 0xc4331db5a0}
skipping all the way
cella &{4400 0xc427284d00 0xc422e83bc0}
cellb &{12299 0xc4331db5a0 0xc4331db5a0}
skipping all the way
cella &{4500 0xc422f18ae0 0xc4244ef0c0}
cellb &{12299 0xc4331db5a0 0xc4331db5a0}
skipping all the way
cella &{4600 0xc424591de0 0xc4267dff00}
cellb &{12299 0xc4331db5a0 0xc4331db5a0}
skipping all the way
cella &{4700 0xc42684ad40 0xc4237cd000}
cellb &{12299 0xc4331db5a0 0xc4331db5a0}
skipping all the way
cella &{4800 0xc42388f440 0xc4262248c0}
cellb &{12299 0xc4331db5a0 0xc4331db5a0}
skipping all the way
cella &{4901 0xc426236c80 0xc4271a9d60}
cellb &{12299 0xc4331db5a0 0xc4331db5a0}
skipping all the way
cella &{5000 0xc4271bbea0 0xc4267cdac0}
cellb &{12299 0xc4331db5a0 0xc4331db5a0}
skipping all the way
cella &{5100 0xc4267e40e0 0xc427604fe0}
cellb &{12299 0xc4331db5a0 0xc4331db5a0}
skipping all the way
cella &{5200 0xc427618420 0xc427b1f760}
cellb &{12299 0xc4331db5a0 0xc4331db5a0}
skipping all the way
cella &{5300 0xc427b2b760 0xc42805a800}
cellb &{12299 0xc4331db5a0 0xc4331db5a0}
skipping all the way
cella &{5400 0xc428078620 0xc4285545e0}
cellb &{12299 0xc4331db5a0 0xc4331db5a0}
skipping all the way
cella &{5500 0xc42855b420 0xc428a5a620}
cellb &{12299 0xc4331db5a0 0xc4331db5a0}
skipping all the way
cella &{5601 0xc428a66f60 0xc428f692a0}
cellb &{12299 0xc4331db5a0 0xc4331db5a0}
skipping all the way
cella &{5700 0xc428f75500 0xc4294cefa0}
cellb &{12299 0xc4331db5a0 0xc4331db5a0}
skipping all the way
cella &{5800 0xc4294e1040 0xc421def9e0}
cellb &{12299 0xc4331db5a0 0xc4331db5a0}
skipping all the way
cella &{5901 0xc4220fd7a0 0xc424921e00}
cellb &{12299 0xc4331db5a0 0xc4331db5a0}
skipping all the way
cella &{6001 0xc424ba44c0 0xc424f076a0}
cellb &{12299 0xc4331db5a0 0xc4331db5a0}
skipping all the way
cella &{6100 0xc424f73440 0xc426ff78a0}
cellb &{12299 0xc4331db5a0 0xc4331db5a0}
skipping all the way
cella &{6200 0xc42703ffa0 0xc424efbfa0}
cellb &{12299 0xc4331db5a0 0xc4331db5a0}
skipping all the way
cella &{6300 0xc4251a6c20 0xc426fa5440}
cellb &{12299 0xc4331db5a0 0xc4331db5a0}
skipping all the way
cella &{6400 0xc426fedc80 0xc4280dbf80}
cellb &{12299 0xc4331db5a0 0xc4331db5a0}
skipping all the way
cella &{6500 0xc4280fe880 0xc4290a4b80}
cellb &{12299 0xc4331db5a0 0xc4331db5a0}
skipping all the way
cella &{6600 0xc4290b62e0 0xc427faa420}
cellb &{12299 0xc4331db5a0 0xc4331db5a0}
skipping all the way
cella &{6700 0xc427fcebc0 0xc4293e4fe0}
cellb &{12299 0xc4331db5a0 0xc4331db5a0}
skipping all the way
cella &{6800 0xc4295f7860 0xc429c4ad40}
cellb &{12299 0xc4331db5a0 0xc4331db5a0}
skipping all the way
cella &{6900 0xc429c5b020 0xc42a187f00}
cellb &{12299 0xc4331db5a0 0xc4331db5a0}
skipping all the way
cella &{7000 0xc42a198840 0xc42a67d280}
cellb &{12299 0xc4331db5a0 0xc4331db5a0}
skipping all the way
cella &{7100 0xc42a68c420 0xc42abcea00}
cellb &{12299 0xc4331db5a0 0xc4331db5a0}
skipping all the way
cella &{7200 0xc42abeeee0 0xc42b0faee0}
cellb &{12299 0xc4331db5a0 0xc4331db5a0}
skipping all the way
cella &{7300 0xc42b1074a0 0xc42b5f5fc0}
cellb &{12299 0xc4331db5a0 0xc4331db5a0}
skipping all the way
cella &{7400 0xc42b607a20 0xc42baf6a60}
cellb &{12299 0xc4331db5a0 0xc4331db5a0}
skipping all the way
cella &{7500 0xc42bb02b80 0xc42c0387e0}
cellb &{12299 0xc4331db5a0 0xc4331db5a0}
skipping all the way
cella &{7601 0xc42c0452a0 0xc42c538d00}
cellb &{12299 0xc4331db5a0 0xc4331db5a0}
skipping all the way
cella &{7700 0xc42c54b4e0 0xc422fcc9a0}
cellb &{12299 0xc4331db5a0 0xc4331db5a0}
skipping all the way
cella &{7800 0xc423774000 0xc4243bd560}
cellb &{12299 0xc4331db5a0 0xc4331db5a0}
skipping all the way
cella &{7900 0xc42496e9c0 0xc427e23880}
cellb &{12299 0xc4331db5a0 0xc4331db5a0}
skipping all the way
cella &{8000 0xc427e8e940 0xc427d51240}
cellb &{12299 0xc4331db5a0 0xc4331db5a0}
skipping all the way
cella &{8100 0xc427d992a0 0xc42a7923a0}
cellb &{12299 0xc4331db5a0 0xc4331db5a0}
skipping all the way
cella &{8201 0xc42a7b7f80 0xc42637c480}
cellb &{12299 0xc4331db5a0 0xc4331db5a0}
skipping all the way
cella &{8300 0xc426c5ad80 0xc427e87c00}
cellb &{12299 0xc4331db5a0 0xc4331db5a0}
skipping all the way
cella &{8401 0xc427ec2cc0 0xc429e3e4c0}
cellb &{12299 0xc4331db5a0 0xc4331db5a0}
skipping all the way
cella &{8500 0xc429e59920 0xc42ae14660}
cellb &{12299 0xc4331db5a0 0xc4331db5a0}
skipping all the way
cella &{8600 0xc42ae26ba0 0xc42bde6320}
cellb &{12299 0xc4331db5a0 0xc4331db5a0}
skipping all the way
cella &{8701 0xc42bdf95c0 0xc429eddde0}
cellb &{12299 0xc4331db5a0 0xc4331db5a0}
skipping all the way
cella &{8800 0xc429f01480 0xc42b31d340}
cellb &{12299 0xc4331db5a0 0xc4331db5a0}
skipping all the way
cella &{8900 0xc42b34c6e0 0xc42c6c7fa0}
cellb &{12299 0xc4331db5a0 0xc4331db5a0}
skipping all the way
cella &{9000 0xc42c6ec040 0xc42cc46ba0}
cellb &{12299 0xc4331db5a0 0xc4331db5a0}
skipping all the way
cella &{9100 0xc42cc522e0 0xc42d135e60}
cellb &{12299 0xc4331db5a0 0xc4331db5a0}
skipping all the way
cella &{9200 0xc42d140fc0 0xc42d66daa0}
cellb &{12299 0xc4331db5a0 0xc4331db5a0}
skipping all the way
cella &{9300 0xc42d679b20 0xc42db0da40}
cellb &{12299 0xc4331db5a0 0xc4331db5a0}
skipping all the way
cella &{9401 0xc42db18c40 0xc42e0084a0}
cellb &{12299 0xc4331db5a0 0xc4331db5a0}
skipping all the way
cella &{9503 0xc42e014d00 0xc42e4bf920}
cellb &{12299 0xc4331db5a0 0xc4331db5a0}
skipping all the way
cella &{9600 0xc42e4d7300 0xc42e9af900}
cellb &{12299 0xc4331db5a0 0xc4331db5a0}
skipping all the way
cella &{9700 0xc42e9bb4a0 0xc42ee78540}
cellb &{12299 0xc4331db5a0 0xc4331db5a0}
skipping all the way
cella &{9800 0xc42ee854c0 0xc42f362fa0}
cellb &{12299 0xc4331db5a0 0xc4331db5a0}
skipping all the way
cella &{9900 0xc42f36ee40 0xc42f7f4e20}
cellb &{12299 0xc4331db5a0 0xc4331db5a0}
skipping all the way
cella &{10000 0xc42f8013c0 0xc42fcdea20}
cellb &{12299 0xc4331db5a0 0xc4331db5a0}
skipping all the way
cella &{10100 0xc42fcebd00 0xc4301c1f60}
cellb &{12299 0xc4331db5a0 0xc4331db5a0}
skipping all the way
cella &{10200 0xc4301cdee0 0xc430690760}
cellb &{12299 0xc4331db5a0 0xc4331db5a0}
skipping all the way
cella &{10300 0xc4306ccc80 0xc424bcb400}
cellb &{12299 0xc4331db5a0 0xc4331db5a0}
skipping all the way
cella &{10400 0xc424c82c20 0xc427b50b20}
cellb &{12299 0xc4331db5a0 0xc4331db5a0}
skipping all the way
cella &{10500 0xc427f72720 0xc429189300}
cellb &{12299 0xc4331db5a0 0xc4331db5a0}
skipping all the way
cella &{10600 0xc4291d5580 0xc4275403a0}
cellb &{12299 0xc4331db5a0 0xc4331db5a0}
skipping all the way
cella &{10700 0xc4275e9540 0xc42add9680}
cellb &{12299 0xc4331db5a0 0xc4331db5a0}
skipping all the way
cella &{10800 0xc42ae21ea0 0xc42a827640}
cellb &{12299 0xc4331db5a0 0xc4331db5a0}
skipping all the way
cella &{10902 0xc42aa8d7a0 0xc42f4d9dc0}
cellb &{12299 0xc4331db5a0 0xc4331db5a0}
skipping all the way
cella &{11000 0xc42f5445a0 0xc429a019a0}
cellb &{12299 0xc4331db5a0 0xc4331db5a0}
skipping all the way
cella &{11100 0xc429a375c0 0xc42c4f2e00}
cellb &{12299 0xc4331db5a0 0xc4331db5a0}
skipping all the way
cella &{11200 0xc42c5070a0 0xc42ca085c0}
cellb &{12299 0xc4331db5a0 0xc4331db5a0}
skipping all the way
cella &{11301 0xc42ca27a00 0xc42d98bf80}
cellb &{12299 0xc4331db5a0 0xc4331db5a0}
skipping all the way
cella &{11400 0xc42d9a8b80 0xc42e6b7980}
cellb &{12299 0xc4331db5a0 0xc4331db5a0}
skipping all the way
cella &{11500 0xc42e6d2a20 0xc42f6ee620}
cellb &{12299 0xc4331db5a0 0xc4331db5a0}
skipping all the way
cella &{11600 0xc42f6f7e00 0xc42b701b80}
cellb &{12299 0xc4331db5a0 0xc4331db5a0}
skipping all the way
cella &{11700 0xc42b7318c0 0xc42d7b5040}
cellb &{12299 0xc4331db5a0 0xc4331db5a0}
skipping all the way
cella &{11801 0xc42d7da0a0 0xc42e913bc0}
cellb &{12299 0xc4331db5a0 0xc4331db5a0}
skipping all the way
cella &{11900 0xc42e92bf80 0xc42fcaa220}
cellb &{12299 0xc4331db5a0 0xc4331db5a0}
skipping all the way
cella &{12001 0xc42fcb7da0 0xc4309178a0}
cellb &{12299 0xc4331db5a0 0xc4331db5a0}
skipping all the way
cella &{12100 0xc430923d80 0xc430dc44e0}
cellb &{12299 0xc4331db5a0 0xc4331db5a0}
skipping all the way
cella &{12201 0xc430dc9ee0 0xc43128e500}
cellb &{12299 0xc4331db5a0 0xc4331db5a0}
skipping all the way
cella &{12202 0xc430ddc8e0 <nil>}
cellb &{12299 0xc4331db5a0 0xc4331db5a0}
skipping all the way
cella &{12203 0xc430df4a60 <nil>}
cellb &{12299 0xc4331db5a0 0xc4331db5a0}
skipping all the way
cella &{12204 0xc430e005e0 <nil>}
cellb &{12299 0xc4331db5a0 0xc4331db5a0}
skipping all the way
cella &{12205 0xc430e0cba0 <nil>}
cellb &{12299 0xc4331db5a0 0xc4331db5a0}
skipping all the way
cella &{12206 0xc430e29dc0 <nil>}
cellb &{12299 0xc4331db5a0 0xc4331db5a0}
skipping all the way
cella &{12208 0xc430e3d7e0 <nil>}
cellb &{12299 0xc4331db5a0 0xc4331db5a0}
skipping all the way
cella &{12210 0xc430e49580 <nil>}
cellb &{12299 0xc4331db5a0 0xc4331db5a0}
skipping all the way
cella &{12211 0xc430e55300 <nil>}
cellb &{12299 0xc4331db5a0 0xc4331db5a0}
skipping all the way
cella &{12212 0xc430e60ce0 <nil>}
cellb &{12299 0xc4331db5a0 0xc4331db5a0}
skipping all the way
cella &{12213 0xc430e6c500 <nil>}
cellb &{12299 0xc4331db5a0 0xc4331db5a0}
skipping all the way
cella &{12214 0xc430e7dd40 <nil>}
cellb &{12299 0xc4331db5a0 0xc4331db5a0}
skipping all the way
cella &{12216 0xc430e88980 <nil>}
cellb &{12299 0xc4331db5a0 0xc4331db5a0}
skipping all the way
cella &{12217 0xc430e91f80 <nil>}
cellb &{12299 0xc4331db5a0 0xc4331db5a0}
skipping all the way
cella &{12218 0xc430ea11c0 <nil>}
cellb &{12299 0xc4331db5a0 0xc4331db5a0}
skipping all the way
cella &{12219 0xc430eac120 <nil>}
cellb &{12299 0xc4331db5a0 0xc4331db5a0}
skipping all the way
cella &{12220 0xc430eb82e0 <nil>}
cellb &{12299 0xc4331db5a0 0xc4331db5a0}
skipping all the way
cella &{12221 0xc430ec1980 <nil>}
cellb &{12299 0xc4331db5a0 0xc4331db5a0}
skipping all the way
cella &{12222 0xc430ed0280 <nil>}
cellb &{12299 0xc4331db5a0 0xc4331db5a0}
skipping all the way
cella &{12223 0xc430ed98c0 <nil>}
cellb &{12299 0xc4331db5a0 0xc4331db5a0}
skipping all the way
cella &{12224 0xc430ef1980 <nil>}
cellb &{12299 0xc4331db5a0 0xc4331db5a0}
skipping all the way
cella &{12226 0xc430efde20 <nil>}
cellb &{12299 0xc4331db5a0 0xc4331db5a0}
skipping all the way
cella &{12227 0xc430f0f200 <nil>}
cellb &{12299 0xc4331db5a0 0xc4331db5a0}
skipping all the way
cella &{12228 0xc430f1bd20 <nil>}
cellb &{12299 0xc4331db5a0 0xc4331db5a0}
skipping all the way
cella &{12229 0xc430f26dc0 <nil>}
cellb &{12299 0xc4331db5a0 0xc4331db5a0}
skipping all the way
cella &{12230 0xc430f32c20 <nil>}
cellb &{12299 0xc4331db5a0 0xc4331db5a0}
skipping all the way
cella &{12231 0xc430f44c40 <nil>}
cellb &{12299 0xc4331db5a0 0xc4331db5a0}
skipping all the way
cella &{12232 0xc430f50640 <nil>}
cellb &{12299 0xc4331db5a0 0xc4331db5a0}
skipping all the way
cella &{12233 0xc430f5d460 <nil>}
cellb &{12299 0xc4331db5a0 0xc4331db5a0}
skipping all the way
cella &{12234 0xc430f75920 <nil>}
cellb &{12299 0xc4331db5a0 0xc4331db5a0}
skipping all the way
cella &{12235 0xc430f80fc0 <nil>}
cellb &{12299 0xc4331db5a0 0xc4331db5a0}
skipping all the way
cella &{12236 0xc430f8da60 <nil>}
cellb &{12299 0xc4331db5a0 0xc4331db5a0}
skipping all the way
cella &{12237 0xc430f9ed80 <nil>}
cellb &{12299 0xc4331db5a0 0xc4331db5a0}
skipping all the way
cella &{12238 0xc430fab200 <nil>}
cellb &{12299 0xc4331db5a0 0xc4331db5a0}
skipping all the way
cella &{12239 0xc430fb6520 <nil>}
cellb &{12299 0xc4331db5a0 0xc4331db5a0}
skipping all the way
cella &{12240 0xc430fd4400 <nil>}
cellb &{12299 0xc4331db5a0 0xc4331db5a0}
skipping all the way
cella &{12242 0xc430ff9fc0 <nil>}
cellb &{12299 0xc4331db5a0 0xc4331db5a0}
skipping all the way
cella &{12244 0xc431035b80 <nil>}
cellb &{12299 0xc4331db5a0 0xc4331db5a0}
skipping all the way
cella &{12249 0xc431046120 <nil>}
cellb &{12299 0xc4331db5a0 0xc4331db5a0}
skipping all the way
cella &{12250 0xc431053040 <nil>}
cellb &{12299 0xc4331db5a0 0xc4331db5a0}
skipping all the way
cella &{12251 0xc431064d60 <nil>}
cellb &{12299 0xc4331db5a0 0xc4331db5a0}
skipping all the way
cella &{12252 0xc431088200 <nil>}
cellb &{12299 0xc4331db5a0 0xc4331db5a0}
skipping all the way
cella &{12255 0xc4310bfe20 <nil>}
cellb &{12299 0xc4331db5a0 0xc4331db5a0}
skipping all the way
cella &{12260 0xc4310cb460 <nil>}
cellb &{12299 0xc4331db5a0 0xc4331db5a0}
skipping all the way
cella &{12261 0xc4310ddbc0 <nil>}
cellb &{12299 0xc4331db5a0 0xc4331db5a0}
skipping all the way
cella &{12263 0xc4310f4fe0 <nil>}
cellb &{12299 0xc4331db5a0 0xc4331db5a0}
skipping all the way
cella &{12265 0xc4311009e0 <nil>}
cellb &{12299 0xc4331db5a0 0xc4331db5a0}
skipping all the way
cella &{12266 0xc43110fd00 <nil>}
cellb &{12299 0xc4331db5a0 0xc4331db5a0}
skipping all the way
cella &{12267 0xc43111b480 <nil>}
cellb &{12299 0xc4331db5a0 0xc4331db5a0}
skipping all the way
cella &{12268 0xc431127860 <nil>}
cellb &{12299 0xc4331db5a0 0xc4331db5a0}
skipping all the way
cella &{12269 0xc4311333a0 <nil>}
cellb &{12299 0xc4331db5a0 0xc4331db5a0}
skipping all the way
cella &{12270 0xc43113f620 <nil>}
cellb &{12299 0xc4331db5a0 0xc4331db5a0}
skipping all the way
cella &{12271 0xc43114bb80 <nil>}
cellb &{12299 0xc4331db5a0 0xc4331db5a0}
skipping all the way
cella &{12272 0xc43116e900 <nil>}
cellb &{12299 0xc4331db5a0 0xc4331db5a0}
skipping all the way
cella &{12275 0xc43117a880 <nil>}
cellb &{12299 0xc4331db5a0 0xc4331db5a0}
skipping all the way
cella &{12276 0xc431186b00 <nil>}
cellb &{12299 0xc4331db5a0 0xc4331db5a0}
skipping all the way
cella &{12277 0xc43118bec0 <nil>}
cellb &{12299 0xc4331db5a0 0xc4331db5a0}
skipping all the way
cella &{12278 0xc431197e40 <nil>}
cellb &{12299 0xc4331db5a0 0xc4331db5a0}
skipping all the way
cella &{12279 0xc4311a3e00 <nil>}
cellb &{12299 0xc4331db5a0 0xc4331db5a0}
skipping all the way
cella &{12280 0xc4311ba560 <nil>}
cellb &{12299 0xc4331db5a0 0xc4331db5a0}
skipping all the way
cella &{12282 0xc4311c64a0 <nil>}
cellb &{12299 0xc4331db5a0 0xc4331db5a0}
skipping all the way
cella &{12283 0xc4311dad40 <nil>}
cellb &{12299 0xc4331db5a0 0xc4331db5a0}
skipping all the way
cella &{12284 0xc4311e6780 <nil>}
cellb &{12299 0xc4331db5a0 0xc4331db5a0}
skipping all the way
cella &{12285 0xc4311f6780 <nil>}
cellb &{12299 0xc4331db5a0 0xc4331db5a0}
skipping all the way
cella &{12287 0xc4311ffae0 <nil>}
cellb &{12299 0xc4331db5a0 0xc4331db5a0}
skipping all the way
cella &{12288 0xc4312225c0 <nil>}
cellb &{12299 0xc4331db5a0 0xc4331db5a0}
skipping all the way
cella &{12291 0xc43123ae80 <nil>}
cellb &{12299 0xc4331db5a0 0xc4331db5a0}
skipping all the way
cella &{12292 0xc43123f900 <nil>}
cellb &{12299 0xc4331db5a0 0xc4331db5a0}
skipping all the way
cella &{12293 0xc43124ab20 <nil>}
cellb &{12299 0xc4331db5a0 0xc4331db5a0}
skipping all the way
cella &{12294 0xc4312571e0 <nil>}
cellb &{12299 0xc4331db5a0 0xc4331db5a0}
skipping all the way
cella &{12295 0xc431262860 <nil>}
cellb &{12299 0xc4331db5a0 0xc4331db5a0}
skipping all the way
cella &{12297 0xc43126e2a0 <nil>}
cellb &{12299 0xc4331db5a0 0xc4331db5a0}
skipping all the way
cella &{12298 0xc43127a900 <nil>}
cellb &{12299 0xc4331db5a0 0xc4331db5a0}
loop - cella, cellb &{12299 0xc43128e500 <nil>} &{12299 0xc4331db5a0 0xc4331db5a0}
cella = cellb
loop - cella, cellb &{12300 0xc431293a20 0xc43176b200} &{12956 0xc472f242a0 0xc472f242a0}
loop - cella < cellb &{12300 0xc431293a20 0xc43176b200} &{12956 0xc472f242a0 0xc472f242a0}
diff > skipval
skipping all the way
cella &{12300 0xc431293a20 0xc43176b200}
cellb &{12956 0xc472f242a0 0xc472f242a0}
skipping all the way
cella &{12400 0xc431776bc0 0xc431c1dfc0}
cellb &{12956 0xc472f242a0 0xc472f242a0}
skipping all the way
cella &{12500 0xc431c29e20 0xc4320bc640}
cellb &{12956 0xc472f242a0 0xc472f242a0}
skipping all the way
cella &{12600 0xc4320da560 0xc43255d840}
cellb &{12956 0xc472f242a0 0xc472f242a0}
skipping all the way
cella &{12700 0xc4325697a0 0xc432a2e3c0}
cellb &{12956 0xc472f242a0 0xc472f242a0}
skipping all the way
cella &{12800 0xc432a3ae40 0xc432f2fb20}
cellb &{12956 0xc472f242a0 0xc472f242a0}
skipping all the way
cella &{12900 0xc432f47d80 0xc43340adc0}
cellb &{12956 0xc472f242a0 0xc472f242a0}
skipping all the way
cella &{12903 0xc432f58500 <nil>}
cellb &{12956 0xc472f242a0 0xc472f242a0}
skipping all the way
cella &{12904 0xc432f65480 <nil>}
cellb &{12956 0xc472f242a0 0xc472f242a0}
skipping all the way
cella &{12905 0xc432f70960 <nil>}
cellb &{12956 0xc472f242a0 0xc472f242a0}
skipping all the way
cella &{12906 0xc432f7d480 <nil>}
cellb &{12956 0xc472f242a0 0xc472f242a0}
skipping all the way
cella &{12907 0xc432f89e80 <nil>}
cellb &{12956 0xc472f242a0 0xc472f242a0}
skipping all the way
cella &{12908 0xc432f94440 <nil>}
cellb &{12956 0xc472f242a0 0xc472f242a0}
skipping all the way
cella &{12909 0xc432fa1320 <nil>}
cellb &{12956 0xc472f242a0 0xc472f242a0}
skipping all the way
cella &{12910 0xc432fb9640 <nil>}
cellb &{12956 0xc472f242a0 0xc472f242a0}
skipping all the way
cella &{12911 0xc432fc5ee0 <nil>}
cellb &{12956 0xc472f242a0 0xc472f242a0}
skipping all the way
cella &{12912 0xc432fcbca0 <nil>}
cellb &{12956 0xc472f242a0 0xc472f242a0}
skipping all the way
cella &{12913 0xc432fd7640 <nil>}
cellb &{12956 0xc472f242a0 0xc472f242a0}
skipping all the way
cella &{12914 0xc432fe3000 <nil>}
cellb &{12956 0xc472f242a0 0xc472f242a0}
skipping all the way
cella &{12915 0xc432ff4bc0 <nil>}
cellb &{12956 0xc472f242a0 0xc472f242a0}
skipping all the way
cella &{12917 0xc4330000c0 <nil>}
cellb &{12956 0xc472f242a0 0xc472f242a0}
skipping all the way
cella &{12918 0xc43300c000 <nil>}
cellb &{12956 0xc472f242a0 0xc472f242a0}
skipping all the way
cella &{12919 0xc433030ac0 <nil>}
cellb &{12956 0xc472f242a0 0xc472f242a0}
skipping all the way
cella &{12921 0xc43303cd60 <nil>}
cellb &{12956 0xc472f242a0 0xc472f242a0}
skipping all the way
cella &{12922 0xc43304ff40 <nil>}
cellb &{12956 0xc472f242a0 0xc472f242a0}
skipping all the way
cella &{12923 0xc43305bd60 <nil>}
cellb &{12956 0xc472f242a0 0xc472f242a0}
skipping all the way
cella &{12924 0xc43306db40 <nil>}
cellb &{12956 0xc472f242a0 0xc472f242a0}
skipping all the way
cella &{12926 0xc43307e5e0 <nil>}
cellb &{12956 0xc472f242a0 0xc472f242a0}
skipping all the way
cella &{12927 0xc43308a5e0 <nil>}
cellb &{12956 0xc472f242a0 0xc472f242a0}
skipping all the way
cella &{12928 0xc433096500 <nil>}
cellb &{12956 0xc472f242a0 0xc472f242a0}
skipping all the way
cella &{12929 0xc4330a2360 <nil>}
cellb &{12956 0xc472f242a0 0xc472f242a0}
skipping all the way
cella &{12930 0xc4330a8e80 <nil>}
cellb &{12956 0xc472f242a0 0xc472f242a0}
skipping all the way
cella &{12931 0xc4330b5c20 <nil>}
cellb &{12956 0xc472f242a0 0xc472f242a0}
skipping all the way
cella &{12932 0xc4330c6280 <nil>}
cellb &{12956 0xc472f242a0 0xc472f242a0}
skipping all the way
cella &{12933 0xc4330cd520 <nil>}
cellb &{12956 0xc472f242a0 0xc472f242a0}
skipping all the way
cella &{12934 0xc4330de820 <nil>}
cellb &{12956 0xc472f242a0 0xc472f242a0}
skipping all the way
cella &{12935 0xc4330ea920 <nil>}
cellb &{12956 0xc472f242a0 0xc472f242a0}
skipping all the way
cella &{12936 0xc4330f1be0 <nil>}
cellb &{12956 0xc472f242a0 0xc472f242a0}
skipping all the way
cella &{12937 0xc4331032e0 <nil>}
cellb &{12956 0xc472f242a0 0xc472f242a0}
skipping all the way
cella &{12938 0xc433117860 <nil>}
cellb &{12956 0xc472f242a0 0xc472f242a0}
skipping all the way
cella &{12940 0xc43311baa0 <nil>}
cellb &{12956 0xc472f242a0 0xc472f242a0}
skipping all the way
cella &{12941 0xc433127f40 <nil>}
cellb &{12956 0xc472f242a0 0xc472f242a0}
skipping all the way
cella &{12942 0xc43313a720 <nil>}
cellb &{12956 0xc472f242a0 0xc472f242a0}
skipping all the way
cella &{12943 0xc433146980 <nil>}
cellb &{12956 0xc472f242a0 0xc472f242a0}
skipping all the way
cella &{12944 0xc43314b360 <nil>}
cellb &{12956 0xc472f242a0 0xc472f242a0}
skipping all the way
cella &{12945 0xc4331635a0 <nil>}
cellb &{12956 0xc472f242a0 0xc472f242a0}
skipping all the way
cella &{12947 0xc43316ee40 <nil>}
cellb &{12956 0xc472f242a0 0xc472f242a0}
skipping all the way
cella &{12948 0xc43317a8c0 <nil>}
cellb &{12956 0xc472f242a0 0xc472f242a0}
skipping all the way
cella &{12949 0xc433186700 <nil>}
cellb &{12956 0xc472f242a0 0xc472f242a0}
skipping all the way
cella &{12950 0xc433193c60 <nil>}
cellb &{12956 0xc472f242a0 0xc472f242a0}
skipping all the way
cella &{12951 0xc43319efa0 <nil>}
cellb &{12956 0xc472f242a0 0xc472f242a0}
skipping all the way
cella &{12952 0xc4331a7f20 <nil>}
cellb &{12956 0xc472f242a0 0xc472f242a0}
skipping all the way
cella &{12953 0xc4331b7500 <nil>}
cellb &{12956 0xc472f242a0 0xc472f242a0}
skipping all the way
cella &{12954 0xc4331cb700 <nil>}
cellb &{12956 0xc472f242a0 0xc472f242a0}
skipping all the way
cella &{12955 0xc4331d7be0 <nil>}
cellb &{12956 0xc472f242a0 0xc472f242a0}
loop - cella, cellb &{12956 0xc4331e7140 <nil>} &{12956 0xc472f242a0 0xc472f242a0}
cella = cellb
loop - cella, cellb &{12957 0xc4331ffe40 <nil>} &{55217 0xc4631520e0 0xc4631520e0}
loop - cella < cellb &{12957 0xc4331ffe40 <nil>} &{55217 0xc4631520e0 0xc4631520e0}
diff > skipval
skipping all the way
cella &{12957 0xc4331ffe40 <nil>}
cellb &{55217 0xc4631520e0 0xc4631520e0}
skipping all the way
cella &{12958 0xc43320b820 <nil>}
cellb &{55217 0xc4631520e0 0xc4631520e0}
skipping all the way
cella &{12959 0xc433216f00 <nil>}
cellb &{55217 0xc4631520e0 0xc4631520e0}
skipping all the way
cella &{12960 0xc433223640 <nil>}
cellb &{55217 0xc4631520e0 0xc4631520e0}
skipping all the way
cella &{12961 0xc4332361a0 <nil>}
cellb &{55217 0xc4631520e0 0xc4631520e0}
skipping all the way
cella &{12962 0xc43324e6a0 <nil>}
cellb &{55217 0xc4631520e0 0xc4631520e0}
skipping all the way
cella &{12964 0xc43325b100 <nil>}
cellb &{55217 0xc4631520e0 0xc4631520e0}
skipping all the way
cella &{12965 0xc43326a920 <nil>}
cellb &{55217 0xc4631520e0 0xc4631520e0}
skipping all the way
cella &{12967 0xc433273c20 <nil>}
cellb &{55217 0xc4631520e0 0xc4631520e0}
skipping all the way
cella &{12968 0xc433282840 <nil>}
cellb &{55217 0xc4631520e0 0xc4631520e0}
skipping all the way
cella &{12969 0xc433297540 <nil>}
cellb &{55217 0xc4631520e0 0xc4631520e0}
skipping all the way
cella &{12970 0xc4332afa00 <nil>}
cellb &{55217 0xc4631520e0 0xc4631520e0}
skipping all the way
cella &{12972 0xc4332bad20 <nil>}
cellb &{55217 0xc4631520e0 0xc4631520e0}
skipping all the way
cella &{12973 0xc4332c75c0 <nil>}
cellb &{55217 0xc4631520e0 0xc4631520e0}
skipping all the way
cella &{12974 0xc4332d38e0 <nil>}
cellb &{55217 0xc4631520e0 0xc4631520e0}
skipping all the way
cella &{12975 0xc4332dfcc0 <nil>}
cellb &{55217 0xc4631520e0 0xc4631520e0}
skipping all the way
cella &{12976 0xc4332ebe40 <nil>}
cellb &{55217 0xc4631520e0 0xc4631520e0}
skipping all the way
cella &{12977 0xc4332f79c0 <nil>}
cellb &{55217 0xc4631520e0 0xc4631520e0}
skipping all the way
cella &{12978 0xc433303e40 <nil>}
cellb &{55217 0xc4631520e0 0xc4631520e0}
skipping all the way
cella &{12979 0xc43330fa80 <nil>}
cellb &{55217 0xc4631520e0 0xc4631520e0}
skipping all the way
cella &{12980 0xc43331b9e0 <nil>}
cellb &{55217 0xc4631520e0 0xc4631520e0}
skipping all the way
cella &{12981 0xc433327d40 <nil>}
cellb &{55217 0xc4631520e0 0xc4631520e0}
skipping all the way
cella &{12982 0xc433338d20 <nil>}
cellb &{55217 0xc4631520e0 0xc4631520e0}
skipping all the way
cella &{12983 0xc433344a40 <nil>}
cellb &{55217 0xc4631520e0 0xc4631520e0}
skipping all the way
cella &{12984 0xc43334bc20 <nil>}
cellb &{55217 0xc4631520e0 0xc4631520e0}
skipping all the way
cella &{12985 0xc433357660 <nil>}
cellb &{55217 0xc4631520e0 0xc4631520e0}
skipping all the way
cella &{12986 0xc433363960 <nil>}
cellb &{55217 0xc4631520e0 0xc4631520e0}
skipping all the way
cella &{12987 0xc433374020 <nil>}
cellb &{55217 0xc4631520e0 0xc4631520e0}
skipping all the way
cella &{12988 0xc4333809a0 <nil>}
cellb &{55217 0xc4631520e0 0xc4631520e0}
skipping all the way
cella &{12989 0xc43338cac0 <nil>}
cellb &{55217 0xc4631520e0 0xc4631520e0}
skipping all the way
cella &{12990 0xc4333a4060 <nil>}
cellb &{55217 0xc4631520e0 0xc4631520e0}
skipping all the way
cella &{12991 0xc4333b0880 <nil>}
cellb &{55217 0xc4631520e0 0xc4631520e0}
skipping all the way
cella &{12992 0xc4333bc800 <nil>}
cellb &{55217 0xc4631520e0 0xc4631520e0}
skipping all the way
cella &{12993 0xc4333c8d60 <nil>}
cellb &{55217 0xc4631520e0 0xc4631520e0}
skipping all the way
cella &{12994 0xc4333d4280 <nil>}
cellb &{55217 0xc4631520e0 0xc4631520e0}
skipping all the way
cella &{12995 0xc4333e0600 <nil>}
cellb &{55217 0xc4631520e0 0xc4631520e0}
skipping all the way
cella &{12996 0xc4333ec660 <nil>}
cellb &{55217 0xc4631520e0 0xc4631520e0}
skipping all the way
cella &{12997 0xc4333f8760 <nil>}
cellb &{55217 0xc4631520e0 0xc4631520e0}
skipping all the way
cella &{12998 0xc433404da0 <nil>}
cellb &{55217 0xc4631520e0 0xc4631520e0}
skipping all the way
cella &{12999 0xc43340adc0 <nil>}
cellb &{55217 0xc4631520e0 0xc4631520e0}
skipping all the way
cella &{13000 0xc433416760 0xc4338a4840}
cellb &{55217 0xc4631520e0 0xc4631520e0}
skipping all the way
cella &{13100 0xc4338abac0 0xc433da4d60}
cellb &{55217 0xc4631520e0 0xc4631520e0}
skipping all the way
cella &{13200 0xc433db0e80 0xc434283180}
cellb &{55217 0xc4631520e0 0xc4631520e0}
skipping all the way
cella &{13300 0xc43428ed40 0xc43474d140}
cellb &{55217 0xc4631520e0 0xc4631520e0}
skipping all the way
cella &{13400 0xc434765c40 0xc434c343e0}
cellb &{55217 0xc4631520e0 0xc4631520e0}
skipping all the way
cella &{13500 0xc434c41040 0xc4350fbc20}
cellb &{55217 0xc4631520e0 0xc4631520e0}
skipping all the way
cella &{13600 0xc4351076e0 0xc435630020}
cellb &{55217 0xc4631520e0 0xc4631520e0}
skipping all the way
cella &{13700 0xc43563d8c0 0xc42dceac20}
cellb &{55217 0xc4631520e0 0xc4631520e0}
skipping all the way
cella &{13800 0xc42d06e6c0 0xc426603660}
cellb &{55217 0xc4631520e0 0xc4631520e0}
skipping all the way
cella &{13900 0xc4269f5520 0xc4287b1fe0}
cellb &{55217 0xc4631520e0 0xc4631520e0}
skipping all the way
cella &{14000 0xc429330b00 0xc42a182a00}
cellb &{55217 0xc4631520e0 0xc4631520e0}
skipping all the way
cella &{14100 0xc42a1ef8a0 0xc42c80aa00}
cellb &{55217 0xc4631520e0 0xc4631520e0}
skipping all the way
cella &{14200 0xc42c883e40 0xc429db6060}
cellb &{55217 0xc4631520e0 0xc4631520e0}
skipping all the way
cella &{14300 0xc42a0e3560 0xc42dade300}
cellb &{55217 0xc4631520e0 0xc4631520e0}
skipping all the way
cella &{14400 0xc42db15380 0xc42c7df1e0}
cellb &{55217 0xc4631520e0 0xc4631520e0}
skipping all the way
cella &{14500 0xc42c84aac0 0xc430545a00}
cellb &{55217 0xc4631520e0 0xc4631520e0}
skipping all the way
cella &{14600 0xc430968d00 0xc434134f60}
cellb &{55217 0xc4631520e0 0xc4631520e0}
skipping all the way
cella &{14700 0xc43417d620 0xc4286916c0}
cellb &{55217 0xc4631520e0 0xc4631520e0}
skipping all the way
cella &{14800 0xc4297e9620 0xc42e675dc0}
cellb &{55217 0xc4631520e0 0xc4631520e0}
skipping all the way
cella &{14900 0xc42e986740 0xc42d91b660}
cellb &{55217 0xc4631520e0 0xc4631520e0}
skipping all the way
cella &{15000 0xc42d93f9e0 0xc430b68a40}
cellb &{55217 0xc4631520e0 0xc4631520e0}
skipping all the way
cella &{15100 0xc430b7ae40 0xc431b04a40}
cellb &{55217 0xc4631520e0 0xc4631520e0}
skipping all the way
cella &{15201 0xc431b2f5e0 0xc432856280}
cellb &{55217 0xc4631520e0 0xc4631520e0}
skipping all the way
cella &{15300 0xc432869e40 0xc43376ef20}
cellb &{55217 0xc4631520e0 0xc4631520e0}
skipping all the way
cella &{15400 0xc433781540 0xc4346fcea0}
cellb &{55217 0xc4631520e0 0xc4631520e0}
skipping all the way
cella &{15500 0xc434727220 0xc43546b340}
cellb &{55217 0xc4631520e0 0xc4631520e0}
skipping all the way
cella &{15600 0xc43547d7e0 0xc431121d80}
cellb &{55217 0xc4631520e0 0xc4631520e0}
skipping all the way
cella &{15700 0xc431150560 0xc43250dc80}
cellb &{55217 0xc4631520e0 0xc4631520e0}
skipping all the way
cella &{15800 0xc432531b80 0xc433904800}
cellb &{55217 0xc4631520e0 0xc4631520e0}
skipping all the way
cella &{15900 0xc43391d260 0xc434d1a960}
cellb &{55217 0xc4631520e0 0xc4631520e0}
skipping all the way
cella &{16000 0xc434d29320 0xc435b17b60}
cellb &{55217 0xc4631520e0 0xc4631520e0}
skipping all the way
cella &{16100 0xc435b235c0 0xc43600afe0}
cellb &{55217 0xc4631520e0 0xc4631520e0}
skipping all the way
cella &{16200 0xc4360163c0 0xc4365108a0}
cellb &{55217 0xc4631520e0 0xc4631520e0}
skipping all the way
cella &{16300 0xc43651cae0 0xc4369e62c0}
cellb &{55217 0xc4631520e0 0xc4631520e0}
skipping all the way
cella &{16400 0xc4369f3380 0xc436ebfca0}
cellb &{55217 0xc4631520e0 0xc4631520e0}
skipping all the way
cella &{16500 0xc436ed0d00 0xc437395ac0}
cellb &{55217 0xc4631520e0 0xc4631520e0}
skipping all the way
cella &{16600 0xc4373a1700 0xc43784d9a0}
cellb &{55217 0xc4631520e0 0xc4631520e0}
skipping all the way
cella &{16700 0xc43785e040 0xc437d29d40}
cellb &{55217 0xc4631520e0 0xc4631520e0}
skipping all the way
cella &{16801 0xc437d3dac0 0xc4381fe860}
cellb &{55217 0xc4631520e0 0xc4631520e0}
skipping all the way
cella &{16900 0xc43820a9a0 0xc4386d70c0}
cellb &{55217 0xc4631520e0 0xc4631520e0}
skipping all the way
cella &{17000 0xc4386dde60 0xc438bd1f80}
cellb &{55217 0xc4631520e0 0xc4631520e0}
skipping all the way
cella &{17100 0xc438be26c0 0xc4390aed20}
cellb &{55217 0xc4631520e0 0xc4631520e0}
skipping all the way
cella &{17200 0xc4390b3960 0xc439589060}
cellb &{55217 0xc4631520e0 0xc4631520e0}
skipping all the way
cella &{17300 0xc439591c00 0xc439a6cea0}
cellb &{55217 0xc4631520e0 0xc4631520e0}
skipping all the way
cella &{17400 0xc439a7f2e0 0xc439f904c0}
cellb &{55217 0xc4631520e0 0xc4631520e0}
skipping all the way
cella &{17500 0xc439fa8360 0xc43a485580}
cellb &{55217 0xc4631520e0 0xc4631520e0}
skipping all the way
cella &{17600 0xc43a491920 0xc43a9c6600}
cellb &{55217 0xc4631520e0 0xc4631520e0}
skipping all the way
cella &{17701 0xc43a9d2f60 0xc43aeb1b80}
cellb &{55217 0xc4631520e0 0xc4631520e0}
skipping all the way
cella &{17800 0xc43aebddc0 0xc43b3feca0}
cellb &{55217 0xc4631520e0 0xc4631520e0}
skipping all the way
cella &{17903 0xc43b40aca0 0xc43b923ca0}
cellb &{55217 0xc4631520e0 0xc4631520e0}
skipping all the way
cella &{18000 0xc43b937040 0xc43be60680}
cellb &{55217 0xc4631520e0 0xc4631520e0}
skipping all the way
cella &{18101 0xc43be72e60 0xc43c3a2ae0}
cellb &{55217 0xc4631520e0 0xc4631520e0}
skipping all the way
cella &{18200 0xc43c3b4040 0xc434b30a80}
cellb &{55217 0xc4631520e0 0xc4631520e0}
skipping all the way
cella &{18300 0xc43448adc0 0xc425ee1840}
cellb &{55217 0xc4631520e0 0xc4631520e0}
skipping all the way
cella &{18400 0xc42734d5e0 0xc42acdab80}
cellb &{55217 0xc4631520e0 0xc4631520e0}
skipping all the way
cella &{18500 0xc42adc7da0 0xc4281ac140}
cellb &{55217 0xc4631520e0 0xc4631520e0}
skipping all the way
cella &{18600 0xc4284f1420 0xc42f176640}
cellb &{55217 0xc4631520e0 0xc4631520e0}
skipping all the way
cella &{18701 0xc42f1a7fe0 0xc4304ccb80}
cellb &{55217 0xc4631520e0 0xc4631520e0}
skipping all the way
cella &{18800 0xc4306fa460 0xc42a24fa40}
cellb &{55217 0xc4631520e0 0xc4631520e0}
skipping all the way
cella &{18900 0xc42a9a2980 0xc430a75360}
cellb &{55217 0xc4631520e0 0xc4631520e0}
skipping all the way
cella &{19000 0xc430b3d400 0xc433ca61e0}
cellb &{55217 0xc4631520e0 0xc4631520e0}
skipping all the way
cella &{19101 0xc433efaf60 0xc4322e4a00}
cellb &{55217 0xc4631520e0 0xc4631520e0}
skipping all the way
cella &{19201 0xc4325264a0 0xc4370a87c0}
cellb &{55217 0xc4631520e0 0xc4631520e0}
skipping all the way
cella &{19300 0xc4370f0bc0 0xc43ac97240}
cellb &{55217 0xc4631520e0 0xc4631520e0}
skipping all the way
cella &{19400 0xc43acdf9e0 0xc42fe1e8e0}
cellb &{55217 0xc4631520e0 0xc4631520e0}
skipping all the way
cella &{19500 0xc42fed2d00 0xc4324bf6a0}
cellb &{55217 0xc4631520e0 0xc4631520e0}
skipping all the way
cella &{19600 0xc432716840 0xc43575b1e0}
cellb &{55217 0xc4631520e0 0xc4631520e0}
skipping all the way
cella &{19700 0xc43577ff20 0xc43421ed00}
cellb &{55217 0xc4631520e0 0xc4631520e0}
skipping all the way
cella &{19800 0xc434243220 0xc4363ffca0}
cellb &{55217 0xc4631520e0 0xc4631520e0}
skipping all the way
cella &{19900 0xc436418700 0xc437416740}
cellb &{55217 0xc4631520e0 0xc4631520e0}
skipping all the way
cella &{20001 0xc437421d60 0xc4383d0340}
cellb &{55217 0xc4631520e0 0xc4631520e0}
skipping all the way
cella &{20100 0xc4383e3d40 0xc4393d4d80}
cellb &{55217 0xc4631520e0 0xc4631520e0}
skipping all the way
cella &{20200 0xc4393e7160 0xc43a40fae0}
cellb &{55217 0xc4631520e0 0xc4631520e0}
skipping all the way
cella &{20300 0xc43a421460 0xc43b3e8c40}
cellb &{55217 0xc4631520e0 0xc4631520e0}
skipping all the way
cella &{20400 0xc43b3fb020 0xc43c3d7cc0}
cellb &{55217 0xc4631520e0 0xc4631520e0}
skipping all the way
cella &{20501 0xc43c3e98a0 0xc4365965e0}
cellb &{55217 0xc4631520e0 0xc4631520e0}
skipping all the way
cella &{20600 0xc4365af9c0 0xc437a1f4c0}
cellb &{55217 0xc4631520e0 0xc4631520e0}
skipping all the way
cella &{20700 0xc437a37880 0xc439145dc0}
cellb &{55217 0xc4631520e0 0xc4631520e0}
skipping all the way
cella &{20800 0xc43915dc40 0xc43a615680}
cellb &{55217 0xc4631520e0 0xc4631520e0}
skipping all the way
cella &{20900 0xc43a62dd80 0xc43ba38de0}
cellb &{55217 0xc4631520e0 0xc4631520e0}
skipping all the way
cella &{21000 0xc43bc4ad20 0xc43c826660}
cellb &{55217 0xc4631520e0 0xc4631520e0}
skipping all the way
cella &{21100 0xc43c82b5a0 0xc43cd68e80}
cellb &{55217 0xc4631520e0 0xc4631520e0}
skipping all the way
cella &{21200 0xc43cd7a240 0xc43d2e8e60}
cellb &{55217 0xc4631520e0 0xc4631520e0}
skipping all the way
cella &{21300 0xc43d300340 0xc43d80b040}
cellb &{55217 0xc4631520e0 0xc4631520e0}
skipping all the way
cella &{21400 0xc43d8227c0 0xc43dd49ce0}
cellb &{55217 0xc4631520e0 0xc4631520e0}
skipping all the way
cella &{21500 0xc43dd5a6c0 0xc43e2ccb20}
cellb &{55217 0xc4631520e0 0xc4631520e0}
skipping all the way
cella &{21600 0xc43e2e4f20 0xc43e80b160}
cellb &{55217 0xc4631520e0 0xc4631520e0}
skipping all the way
cella &{21700 0xc43e816a20 0xc43ece6d80}
cellb &{55217 0xc4631520e0 0xc4631520e0}
skipping all the way
cella &{21800 0xc43ecf3680 0xc43f24d520}
cellb &{55217 0xc4631520e0 0xc4631520e0}
skipping all the way
cella &{21900 0xc43f2601a0 0xc43f7c78a0}
cellb &{55217 0xc4631520e0 0xc4631520e0}
skipping all the way
cella &{22000 0xc43f7d2dc0 0xc43fd03040}
cellb &{55217 0xc4631520e0 0xc4631520e0}
skipping all the way
cella &{22100 0xc43fd0f0c0 0xc44025d7c0}
cellb &{55217 0xc4631520e0 0xc4631520e0}
skipping all the way
cella &{22200 0xc440270b20 0xc440783e40}
cellb &{55217 0xc4631520e0 0xc4631520e0}
skipping all the way
cella &{22300 0xc44079aa60 0xc440cf59e0}
cellb &{55217 0xc4631520e0 0xc4631520e0}
skipping all the way
cella &{22400 0xc440d06220 0xc4412183c0}
cellb &{55217 0xc4631520e0 0xc4631520e0}
skipping all the way
cella &{22500 0xc44121fe00 0xc4417728e0}
cellb &{55217 0xc4631520e0 0xc4631520e0}
skipping all the way
cella &{22601 0xc441793600 0xc441cc3220}
cellb &{55217 0xc4631520e0 0xc4631520e0}
skipping all the way
cella &{22702 0xc441cd4660 0xc44220bea0}
cellb &{55217 0xc4631520e0 0xc4631520e0}
skipping all the way
cella &{22800 0xc44221c3e0 0xc44275ad80}
cellb &{55217 0xc4631520e0 0xc4631520e0}
skipping all the way
cella &{22900 0xc4427671a0 0xc442ca3920}
cellb &{55217 0xc4631520e0 0xc4631520e0}
skipping all the way
cella &{23001 0xc442cafa20 0xc4431a2480}
cellb &{55217 0xc4631520e0 0xc4631520e0}
skipping all the way
cella &{23100 0xc4431ae700 0xc4436b7960}
cellb &{55217 0xc4631520e0 0xc4631520e0}
skipping all the way
cella &{23200 0xc4436c6320 0xc443b81200}
cellb &{55217 0xc4631520e0 0xc4631520e0}
skipping all the way
cella &{23300 0xc443b990e0 0xc4440cfb60}
cellb &{55217 0xc4631520e0 0xc4631520e0}
skipping all the way
cella &{23400 0xc4440dbc60 0xc44463a680}
cellb &{55217 0xc4631520e0 0xc4631520e0}
skipping all the way
cella &{23500 0xc444646da0 0xc444bd1420}
cellb &{55217 0xc4631520e0 0xc4631520e0}
skipping all the way
cella &{23600 0xc444bdcf80 0xc4450d9240}
cellb &{55217 0xc4631520e0 0xc4631520e0}
skipping all the way
cella &{23700 0xc4450ebde0 0xc445663820}
cellb &{55217 0xc4631520e0 0xc4631520e0}
skipping all the way
cella &{23800 0xc44567b800 0xc445bb0860}
cellb &{55217 0xc4631520e0 0xc4631520e0}
skipping all the way
cella &{23900 0xc445bbdce0 0xc4460e0260}
cellb &{55217 0xc4631520e0 0xc4631520e0}
skipping all the way
cella &{24000 0xc4460ec1c0 0xc44662b720}
cellb &{55217 0xc4631520e0 0xc4631520e0}
skipping all the way
cella &{24100 0xc446637f80 0xc446ba8da0}
cellb &{55217 0xc4631520e0 0xc4631520e0}
skipping all the way
cella &{24200 0xc446bb4380 0xc43b8f6060}
cellb &{55217 0xc4631520e0 0xc4631520e0}
skipping all the way
cella &{24300 0xc43a4eb960 0xc42799b6a0}
cellb &{55217 0xc4631520e0 0xc4631520e0}
skipping all the way
cella &{24400 0xc427cb3c00 0xc42dfaaee0}
cellb &{55217 0xc4631520e0 0xc4631520e0}
skipping all the way
cella &{24500 0xc42e20ac40 0xc4301b2a60}
cellb &{55217 0xc4631520e0 0xc4631520e0}
skipping all the way
cella &{24600 0xc430234fa0 0xc4352356c0}
cellb &{55217 0xc4631520e0 0xc4631520e0}
skipping all the way
cella &{24700 0xc4352d1900 0xc431bd33c0}
cellb &{55217 0xc4631520e0 0xc4631520e0}
skipping all the way
cella &{24800 0xc431c48380 0xc431e23120}
cellb &{55217 0xc4631520e0 0xc4631520e0}
skipping all the way
cella &{24900 0xc431e6e1e0 0xc438522140}
cellb &{55217 0xc4631520e0 0xc4631520e0}
skipping all the way
cella &{25000 0xc43858ea20 0xc430505600}
cellb &{55217 0xc4631520e0 0xc4631520e0}
skipping all the way
cella &{25100 0xc4307f5ec0 0xc435b75f00}
cellb &{55217 0xc4631520e0 0xc4631520e0}
skipping all the way
cella &{25200 0xc435be1ec0 0xc438b9f7a0}
cellb &{55217 0xc4631520e0 0xc4631520e0}
skipping all the way
cella &{25301 0xc438c0e9c0 0xc43baeeb80}
cellb &{55217 0xc4631520e0 0xc4631520e0}
skipping all the way
cella &{25400 0xc43bb20380 0xc43a08c900}
cellb &{55217 0xc4631520e0 0xc4631520e0}
skipping all the way
cella &{25500 0xc43a0d4f60 0xc43e04d7a0}
cellb &{55217 0xc4631520e0 0xc4631520e0}
skipping all the way
cella &{25600 0xc43e2835e0 0xc4417e93a0}
cellb &{55217 0xc4631520e0 0xc4631520e0}
skipping all the way
cella &{25700 0xc441831520 0xc445376da0}
cellb &{55217 0xc4631520e0 0xc4631520e0}
skipping all the way
cella &{25800 0xc4454073c0 0xc431183720}
cellb &{55217 0xc4631520e0 0xc4631520e0}
skipping all the way
cella &{25900 0xc4311ef0e0 0xc437674a20}
cellb &{55217 0xc4631520e0 0xc4631520e0}
skipping all the way
cella &{26000 0xc4376c5a80 0xc43a2fa760}
cellb &{55217 0xc4631520e0 0xc4631520e0}
skipping all the way
cella &{26100 0xc43a3311c0 0xc435d79b40}
cellb &{55217 0xc4631520e0 0xc4631520e0}
skipping all the way
cella &{26200 0xc4360d1b40 0xc4395b04c0}
cellb &{55217 0xc4631520e0 0xc4631520e0}
skipping all the way
cella &{26300 0xc4395d5cc0 0xc43c8c6880}
cellb &{55217 0xc4631520e0 0xc4631520e0}
skipping all the way
cella &{26400 0xc43c8d14a0 0xc43d5a8c60}
cellb &{55217 0xc4631520e0 0xc4631520e0}
skipping all the way
cella &{26500 0xc43d5b1c40 0xc43e594240}
cellb &{55217 0xc4631520e0 0xc4631520e0}
skipping all the way
cella &{26600 0xc43e595cc0 0xc43f5353e0}
cellb &{55217 0xc4631520e0 0xc4631520e0}
skipping all the way
cella &{26700 0xc43f5479c0 0xc44024d940}
cellb &{55217 0xc4631520e0 0xc4631520e0}
skipping all the way
cella &{26802 0xc44045f000 0xc4411a3ee0}
cellb &{55217 0xc4631520e0 0xc4631520e0}
skipping all the way
cella &{26900 0xc4411b54e0 0xc4420d0660}
cellb &{55217 0xc4631520e0 0xc4631520e0}
skipping all the way
cella &{27000 0xc4420e2aa0 0xc442e12720}
cellb &{55217 0xc4631520e0 0xc4631520e0}
skipping all the way
cella &{27100 0xc442e364c0 0xc443d6b380}
cellb &{55217 0xc4631520e0 0xc4631520e0}
skipping all the way
cella &{27201 0xc443d7cf40 0xc444c77b40}
cellb &{55217 0xc4631520e0 0xc4631520e0}
skipping all the way
cella &{27300 0xc444c95180 0xc438a61da0}
cellb &{55217 0xc4631520e0 0xc4631520e0}
skipping all the way
cella &{27400 0xc438cbbc00 0xc43d3ba5c0}
cellb &{55217 0xc4631520e0 0xc4631520e0}
skipping all the way
cella &{27500 0xc43d3d26c0 0xc43e8074e0}
cellb &{55217 0xc4631520e0 0xc4631520e0}
skipping all the way
cella &{27601 0xc43e81e320 0xc43fb7a960}
cellb &{55217 0xc4631520e0 0xc4631520e0}
skipping all the way
cella &{27701 0xc43fbaa040 0xc440ef7780}
cellb &{55217 0xc4631520e0 0xc4631520e0}
skipping all the way
cella &{27800 0xc440f1a7a0 0xc4422cb060}
cellb &{55217 0xc4631520e0 0xc4631520e0}
skipping all the way
cella &{27900 0xc4422fa700 0xc443674400}
cellb &{55217 0xc4631520e0 0xc4631520e0}
skipping all the way
cella &{28000 0xc44368c520 0xc4447bfe40}
cellb &{55217 0xc4631520e0 0xc4631520e0}
skipping all the way
cella &{28100 0xc4447d7640 0xc446ffb880}
cellb &{55217 0xc4631520e0 0xc4631520e0}
skipping all the way
cella &{28200 0xc447007b60 0xc4474c1720}
cellb &{55217 0xc4631520e0 0xc4631520e0}
skipping all the way
cella &{28301 0xc4474ccd40 0xc4479b46a0}
cellb &{55217 0xc4631520e0 0xc4631520e0}
skipping all the way
cella &{28401 0xc4479bba60 0xc447e54080}
cellb &{55217 0xc4631520e0 0xc4631520e0}
skipping all the way
cella &{28500 0xc447e60980 0xc448300620}
cellb &{55217 0xc4631520e0 0xc4631520e0}
skipping all the way
cella &{28600 0xc44830cbc0 0xc44885b000}
cellb &{55217 0xc4631520e0 0xc4631520e0}
skipping all the way
cella &{28701 0xc448866760 0xc448d50360}
cellb &{55217 0xc4631520e0 0xc4631520e0}
skipping all the way
cella &{28800 0xc448d57060 0xc4491ebc60}
cellb &{55217 0xc4631520e0 0xc4631520e0}
skipping all the way
cella &{28900 0xc4491f6540 0xc4496cf240}
cellb &{55217 0xc4631520e0 0xc4631520e0}
skipping all the way
cella &{29001 0xc4496d3e40 0xc449b795e0}
cellb &{55217 0xc4631520e0 0xc4631520e0}
skipping all the way
cella &{29100 0xc449b910a0 0xc44a06e640}
cellb &{55217 0xc4631520e0 0xc4631520e0}
skipping all the way
cella &{29201 0xc44a07a160 0xc44a5395a0}
cellb &{55217 0xc4631520e0 0xc4631520e0}
skipping all the way
cella &{29300 0xc44a544d00 0xc44a9ebe00}
cellb &{55217 0xc4631520e0 0xc4631520e0}
skipping all the way
cella &{29400 0xc44a9f1d40 0xc44aececa0}
cellb &{55217 0xc4631520e0 0xc4631520e0}
skipping all the way
cella &{29500 0xc44aedbc00 0xc44b39cc20}
cellb &{55217 0xc4631520e0 0xc4631520e0}
skipping all the way
cella &{29600 0xc44b3a8640 0xc44b85dc20}
cellb &{55217 0xc4631520e0 0xc4631520e0}
skipping all the way
cella &{29701 0xc44b874a60 0xc44bd4baa0}
cellb &{55217 0xc4631520e0 0xc4631520e0}
skipping all the way
cella &{29800 0xc44bd57360 0xc44c238b40}
cellb &{55217 0xc4631520e0 0xc4631520e0}
skipping all the way
cella &{29901 0xc44c2453c0 0xc44c6fe5e0}
cellb &{55217 0xc4631520e0 0xc4631520e0}
skipping all the way
cella &{30000 0xc44c703da0 0xc44cb9c6e0}
cellb &{55217 0xc4631520e0 0xc4631520e0}
skipping all the way
cella &{30100 0xc44cbcde00 0xc44d0c3180}
cellb &{55217 0xc4631520e0 0xc4631520e0}
skipping all the way
cella &{30201 0xc44d0dbb20 0xc44d574ea0}
cellb &{55217 0xc4631520e0 0xc4631520e0}
skipping all the way
cella &{30300 0xc44d5813e0 0xc44da94c00}
cellb &{55217 0xc4631520e0 0xc4631520e0}
skipping all the way
cella &{30401 0xc44daa0e60 0xc44df5ece0}
cellb &{55217 0xc4631520e0 0xc4631520e0}
skipping all the way
cella &{30500 0xc44df7a2e0 0xc44e404140}
cellb &{55217 0xc4631520e0 0xc4631520e0}
skipping all the way
cella &{30600 0xc44e4157c0 0xc44e8b1e80}
cellb &{55217 0xc4631520e0 0xc4631520e0}
skipping all the way
cella &{30700 0xc44e8c2700 0xc44ed9fd20}
cellb &{55217 0xc4631520e0 0xc4631520e0}
skipping all the way
cella &{30800 0xc44edabd00 0xc44f2ac260}
cellb &{55217 0xc4631520e0 0xc4631520e0}
skipping all the way
cella &{30901 0xc44f2b81e0 0xc44f787ba0}
cellb &{55217 0xc4631520e0 0xc4631520e0}
skipping all the way
cella &{31000 0xc44f78fb60 0xc44fc82740}
cellb &{55217 0xc4631520e0 0xc4631520e0}
skipping all the way
cella &{31101 0xc44fc8e8a0 0xc45016a540}
cellb &{55217 0xc4631520e0 0xc4631520e0}
skipping all the way
cella &{31200 0xc4501762a0 0xc45060bee0}
cellb &{55217 0xc4631520e0 0xc4631520e0}
skipping all the way
cella &{31300 0xc450616b80 0xc450ac53a0}
cellb &{55217 0xc4631520e0 0xc4631520e0}
skipping all the way
cella &{31400 0xc450ad1660 0xc450f8fb00}
cellb &{55217 0xc4631520e0 0xc4631520e0}
skipping all the way
cella &{31501 0xc450f9fb40 0xc4514530e0}
cellb &{55217 0xc4631520e0 0xc4631520e0}
skipping all the way
cella &{31600 0xc45145f100 0xc4518ff0a0}
cellb &{55217 0xc4631520e0 0xc4631520e0}
skipping all the way
cella &{31700 0xc451910de0 0xc451dc37a0}
cellb &{55217 0xc4631520e0 0xc4631520e0}
skipping all the way
cella &{31800 0xc451dcf320 0xc4522c9700}
cellb &{55217 0xc4631520e0 0xc4631520e0}
skipping all the way
cella &{31901 0xc4522d4440 0xc45274ab40}
cellb &{55217 0xc4631520e0 0xc4631520e0}
skipping all the way
cella &{32000 0xc45276e7c0 0xc452c4dce0}
cellb &{55217 0xc4631520e0 0xc4631520e0}
skipping all the way
cella &{32100 0xc452c5e980 0xc4531474c0}
cellb &{55217 0xc4631520e0 0xc4631520e0}
skipping all the way
cella &{32200 0xc45315f7c0 0xc45362e420}
cellb &{55217 0xc4631520e0 0xc4631520e0}
skipping all the way
cella &{32301 0xc45363aec0 0xc453b19bc0}
cellb &{55217 0xc4631520e0 0xc4631520e0}
skipping all the way
cella &{32400 0xc453b25840 0xc44a9d0b60}
cellb &{55217 0xc4631520e0 0xc4631520e0}
skipping all the way
cella &{32503 0xc44a7d6220 0xc4423b3c00}
cellb &{55217 0xc4631520e0 0xc4631520e0}
skipping all the way
cella &{32600 0xc4406f40e0 0xc4226bcdc0}
cellb &{55217 0xc4631520e0 0xc4631520e0}
skipping all the way
cella &{32700 0xc4221db3a0 0xc429cb2d80}
cellb &{55217 0xc4631520e0 0xc4631520e0}
skipping all the way
cella &{32800 0xc429dd2120 0xc42f60b260}
cellb &{55217 0xc4631520e0 0xc4631520e0}
skipping all the way
cella &{32902 0xc42f9c2540 0xc42d9eaf40}
cellb &{55217 0xc4631520e0 0xc4631520e0}
skipping all the way
cella &{33000 0xc42db50ce0 0xc434fdd240}
cellb &{55217 0xc4631520e0 0xc4631520e0}
skipping all the way
cella &{33100 0xc43507e600 0xc438c9aba0}
cellb &{55217 0xc4631520e0 0xc4631520e0}
skipping all the way
cella &{33200 0xc438d33ae0 0xc434b41e40}
cellb &{55217 0xc4631520e0 0xc4631520e0}
skipping all the way
cella &{33300 0xc434c84780 0xc438421280}
cellb &{55217 0xc4631520e0 0xc4631520e0}
skipping all the way
cella &{33400 0xc43866f660 0xc4368ecf20}
cellb &{55217 0xc4631520e0 0xc4631520e0}
skipping all the way
cella &{33500 0xc436950a40 0xc43d6ade80}
cellb &{55217 0xc4631520e0 0xc4631520e0}
skipping all the way
cella &{33601 0xc43d7a94c0 0xc442b72f20}
cellb &{55217 0xc4631520e0 0xc4631520e0}
skipping all the way
cella &{33700 0xc442bde860 0xc4366a2fe0}
cellb &{55217 0xc4631520e0 0xc4631520e0}
skipping all the way
cella &{33800 0xc43674bce0 0xc4381d3e80}
cellb &{55217 0xc4631520e0 0xc4631520e0}
skipping all the way
cella &{33900 0xc4384b0b80 0xc43e185a60}
cellb &{55217 0xc4631520e0 0xc4631520e0}
skipping all the way
cella &{34000 0xc43e1da8a0 0xc440d4be40}
cellb &{55217 0xc4631520e0 0xc4631520e0}
skipping all the way
cella &{34100 0xc440d8d720 0xc443917680}
cellb &{55217 0xc4631520e0 0xc4631520e0}
skipping all the way
cella &{34200 0xc44394cb40 0xc43df0dae0}
cellb &{55217 0xc4631520e0 0xc4631520e0}
skipping all the way
cella &{34300 0xc43df31620 0xc443711e40}
cellb &{55217 0xc4631520e0 0xc4631520e0}
skipping all the way
cella &{34400 0xc4437596a0 0xc448775f40}
cellb &{55217 0xc4631520e0 0xc4631520e0}
skipping all the way
cella &{34500 0xc4487bc120 0xc44c700420}
cellb &{55217 0xc4631520e0 0xc4631520e0}
skipping all the way
cella &{34600 0xc44c748320 0xc450247200}
cellb &{55217 0xc4631520e0 0xc4631520e0}
skipping all the way
cella &{34700 0xc45028fcc0 0xc453be6420}
cellb &{55217 0xc4631520e0 0xc4631520e0}
skipping all the way
cella &{34800 0xc453c0b220 0xc445563aa0}
cellb &{55217 0xc4631520e0 0xc4631520e0}
skipping all the way
cella &{34900 0xc4306d9f60 0xc439666360}
cellb &{55217 0xc4631520e0 0xc4631520e0}
skipping all the way
cella &{35000 0xc4396a39a0 0xc43c6398e0}
cellb &{55217 0xc4631520e0 0xc4631520e0}
skipping all the way
cella &{35102 0xc43c882b40 0xc43f528700}
cellb &{55217 0xc4631520e0 0xc4631520e0}
skipping all the way
cella &{35201 0xc43f581680 0xc4421545e0}
cellb &{55217 0xc4631520e0 0xc4631520e0}
skipping all the way
cella &{35300 0xc44218b380 0xc445062c00}
cellb &{55217 0xc4631520e0 0xc4631520e0}
skipping all the way
cella &{35401 0xc445098ea0 0xc43ebe0b60}
cellb &{55217 0xc4631520e0 0xc4631520e0}
skipping all the way
cella &{35500 0xc43ec290e0 0xc442329320}
cellb &{55217 0xc4631520e0 0xc4631520e0}
skipping all the way
cella &{35600 0xc4423588a0 0xc447169c60}
cellb &{55217 0xc4631520e0 0xc4631520e0}
skipping all the way
cella &{35700 0xc447197a40 0xc448185480}
cellb &{55217 0xc4631520e0 0xc4631520e0}
skipping all the way
cella &{35800 0xc448197a40 0xc4490908e0}
cellb &{55217 0xc4631520e0 0xc4631520e0}
skipping all the way
cella &{35900 0xc4490a2220 0xc449e07fe0}
cellb &{55217 0xc4631520e0 0xc4631520e0}
skipping all the way
cella &{36000 0xc449e22de0 0xc44ad66fa0}
cellb &{55217 0xc4631520e0 0xc4631520e0}
skipping all the way
cella &{36100 0xc44ad78160 0xc44bd0bf80}
cellb &{55217 0xc4631520e0 0xc4631520e0}
skipping all the way
cella &{36200 0xc44bd28d00 0xc44ccc9600}
cellb &{55217 0xc4631520e0 0xc4631520e0}
skipping all the way
cella &{36301 0xc44cce7d60 0xc44dc54720}
cellb &{55217 0xc4631520e0 0xc4631520e0}
skipping all the way
cella &{36400 0xc44dc7f220 0xc44ea385e0}
cellb &{55217 0xc4631520e0 0xc4631520e0}
skipping all the way
cella &{36502 0xc44ec3e8a0 0xc44f9b4320}
cellb &{55217 0xc4631520e0 0xc4631520e0}
skipping all the way
cella &{36600 0xc44f9d34e0 0xc450989d20}
cellb &{55217 0xc4631520e0 0xc4631520e0}
skipping all the way
cella &{36700 0xc45099ade0 0xc451924d80}
cellb &{55217 0xc4631520e0 0xc4631520e0}
skipping all the way
cella &{36800 0xc451949140 0xc4528b8220}
cellb &{55217 0xc4631520e0 0xc4631520e0}
skipping all the way
cella &{36900 0xc4528dc520 0xc453843c00}
cellb &{55217 0xc4631520e0 0xc4631520e0}
skipping all the way
cella &{37000 0xc45386d3a0 0xc4461d33a0}
cellb &{55217 0xc4631520e0 0xc4631520e0}
skipping all the way
cella &{37100 0xc4461bb100 0xc4473f0f00}
cellb &{55217 0xc4631520e0 0xc4631520e0}
skipping all the way
cella &{37201 0xc447414a00 0xc448825520}
cellb &{55217 0xc4631520e0 0xc4631520e0}
skipping all the way
cella &{37300 0xc448839e80 0xc449ba1a80}
cellb &{55217 0xc4631520e0 0xc4631520e0}
skipping all the way
cella &{37400 0xc449bd13a0 0xc44af81d20}
cellb &{55217 0xc4631520e0 0xc4631520e0}
skipping all the way
cella &{37500 0xc44af99f40 0xc44c432d60}
cellb &{55217 0xc4631520e0 0xc4631520e0}
skipping all the way
cella &{37600 0xc44c44ada0 0xc44da4be60}
cellb &{55217 0xc4631520e0 0xc4631520e0}
skipping all the way
cella &{37701 0xc44da86960 0xc44ee88f00}
cellb &{55217 0xc4631520e0 0xc4631520e0}
skipping all the way
cella &{37800 0xc44eea0c60 0xc45002fd00}
cellb &{55217 0xc4631520e0 0xc4631520e0}
skipping all the way
cella &{37900 0xc45024c4e0 0xc45162cb80}
cellb &{55217 0xc4631520e0 0xc4631520e0}
skipping all the way
cella &{38000 0xc4516451a0 0xc452a5d160}
cellb &{55217 0xc4631520e0 0xc4631520e0}
skipping all the way
cella &{38100 0xc452a75900 0xc453bbe7e0}
cellb &{55217 0xc4631520e0 0xc4631520e0}
skipping all the way
cella &{38200 0xc453bd7340 0xc4542e4860}
cellb &{55217 0xc4631520e0 0xc4631520e0}
skipping all the way
cella &{38300 0xc4542f02e0 0xc4547d23c0}
cellb &{55217 0xc4631520e0 0xc4631520e0}
skipping all the way
cella &{38400 0xc4547eaee0 0xc454ceb2a0}
cellb &{55217 0xc4631520e0 0xc4631520e0}
skipping all the way
cella &{38500 0xc454cf6880 0xc4551cc840}
cellb &{55217 0xc4631520e0 0xc4631520e0}
skipping all the way
cella &{38601 0xc4551e10a0 0xc4556c9280}
cellb &{55217 0xc4631520e0 0xc4631520e0}
skipping all the way
cella &{38700 0xc4556d5620 0xc455ba5f20}
cellb &{55217 0xc4631520e0 0xc4631520e0}
skipping all the way
cella &{38800 0xc455bb1ec0 0xc4560b9d80}
cellb &{55217 0xc4631520e0 0xc4631520e0}
skipping all the way
cella &{38900 0xc4560c56a0 0xc456563d60}
cellb &{55217 0xc4631520e0 0xc4631520e0}
skipping all the way
cella &{39000 0xc45657b860 0xc456a7c620}
cellb &{55217 0xc4631520e0 0xc4631520e0}
skipping all the way
cella &{39100 0xc456a8f280 0xc456f77ae0}
cellb &{55217 0xc4631520e0 0xc4631520e0}
skipping all the way
cella &{39200 0xc456f942c0 0xc4574cb380}
cellb &{55217 0xc4631520e0 0xc4631520e0}
skipping all the way
cella &{39302 0xc4574de180 0xc4579e8e00}
cellb &{55217 0xc4631520e0 0xc4631520e0}
skipping all the way
cella &{39400 0xc457a084a0 0xc457f32fe0}
cellb &{55217 0xc4631520e0 0xc4631520e0}
skipping all the way
cella &{39500 0xc457f3f000 0xc4584330e0}
cellb &{55217 0xc4631520e0 0xc4631520e0}
skipping all the way
cella &{39600 0xc458446140 0xc458965040}
cellb &{55217 0xc4631520e0 0xc4631520e0}
skipping all the way
cella &{39700 0xc458970520 0xc458e6b380}
cellb &{55217 0xc4631520e0 0xc4631520e0}
skipping all the way
cella &{39800 0xc458e77180 0xc45936a360}
cellb &{55217 0xc4631520e0 0xc4631520e0}
skipping all the way
cella &{39902 0xc459376a80 0xc459848880}
cellb &{55217 0xc4631520e0 0xc4631520e0}
skipping all the way
cella &{40002 0xc45984d440 0xc459d5b7a0}
cellb &{55217 0xc4631520e0 0xc4631520e0}
skipping all the way
cella &{40100 0xc459d7fce0 0xc45a273da0}
cellb &{55217 0xc4631520e0 0xc4631520e0}
skipping all the way
cella &{40201 0xc45a28a260 0xc45a74e9c0}
cellb &{55217 0xc4631520e0 0xc4631520e0}
skipping all the way
cella &{40300 0xc45a75bbe0 0xc45ac33680}
cellb &{55217 0xc4631520e0 0xc4631520e0}
skipping all the way
cella &{40400 0xc45ac3e2a0 0xc45b13c2c0}
cellb &{55217 0xc4631520e0 0xc4631520e0}
skipping all the way
cella &{40500 0xc45b148b60 0xc45b612680}
cellb &{55217 0xc4631520e0 0xc4631520e0}
skipping all the way
cella &{40601 0xc45b61aec0 0xc45bb035a0}
cellb &{55217 0xc4631520e0 0xc4631520e0}
skipping all the way
cella &{40700 0xc45bb15180 0xc45bfe4e00}
cellb &{55217 0xc4631520e0 0xc4631520e0}
skipping all the way
cella &{40800 0xc45bff0c80 0xc45c4f2a20}
cellb &{55217 0xc4631520e0 0xc4631520e0}
skipping all the way
cella &{40900 0xc45c4fef60 0xc45c9fdba0}
cellb &{55217 0xc4631520e0 0xc4631520e0}
skipping all the way
cella &{41000 0xc45ca08400 0xc45cf40e60}
cellb &{55217 0xc4631520e0 0xc4631520e0}
skipping all the way
cella &{41100 0xc45cf64ea0 0xc45d41eee0}
cellb &{55217 0xc4631520e0 0xc4631520e0}
skipping all the way
cella &{41200 0xc45d42b0e0 0xc45d9315c0}
cellb &{55217 0xc4631520e0 0xc4631520e0}
skipping all the way
cella &{41301 0xc45d9408e0 0xc45de25ec0}
cellb &{55217 0xc4631520e0 0xc4631520e0}
skipping all the way
cella &{41400 0xc45de36460 0xc45e360500}
cellb &{55217 0xc4631520e0 0xc4631520e0}
skipping all the way
cella &{41500 0xc45e36ccc0 0xc45e83c120}
cellb &{55217 0xc4631520e0 0xc4631520e0}
skipping all the way
cella &{41600 0xc45e845160 0xc45ed13c80}
cellb &{55217 0xc4631520e0 0xc4631520e0}
skipping all the way
cella &{41700 0xc45ed2a960 0xc45f262d20}
cellb &{55217 0xc4631520e0 0xc4631520e0}
skipping all the way
cella &{41800 0xc45f26ece0 0xc45f78d600}
cellb &{55217 0xc4631520e0 0xc4631520e0}
skipping all the way
cella &{41900 0xc45f7b00c0 0xc45fc6e160}
cellb &{55217 0xc4631520e0 0xc4631520e0}
skipping all the way
cella &{42000 0xc45fc7a780 0xc460188000}
cellb &{55217 0xc4631520e0 0xc4631520e0}
skipping all the way
cella &{42100 0xc460195540 0xc4606d1840}
cellb &{55217 0xc4631520e0 0xc4631520e0}
skipping all the way
cella &{42200 0xc460707960 0xc460bb28c0}
cellb &{55217 0xc4631520e0 0xc4631520e0}
skipping all the way
cella &{42300 0xc460bd0040 0xc4610e5b60}
cellb &{55217 0xc4631520e0 0xc4631520e0}
skipping all the way
cella &{42400 0xc4610f5720 0xc46162cc60}
cellb &{55217 0xc4631520e0 0xc4631520e0}
skipping all the way
cella &{42500 0xc46163f9e0 0xc461b0f1a0}
cellb &{55217 0xc4631520e0 0xc4631520e0}
skipping all the way
cella &{42601 0xc461b1bc80 0xc462004860}
cellb &{55217 0xc4631520e0 0xc4631520e0}
skipping all the way
cella &{42700 0xc462020240 0xc4624e6160}
cellb &{55217 0xc4631520e0 0xc4631520e0}
skipping all the way
cella &{42800 0xc4624eb700 0xc44f72b1a0}
cellb &{55217 0xc4631520e0 0xc4631520e0}
skipping all the way
cella &{42900 0xc44e3ddd00 0xc4437a0b20}
cellb &{55217 0xc4631520e0 0xc4631520e0}
skipping all the way
cella &{43001 0xc441b8f000 0xc4259da940}
cellb &{55217 0xc4631520e0 0xc4631520e0}
skipping all the way
cella &{43100 0xc425e57760 0xc42f19a300}
cellb &{55217 0xc4631520e0 0xc4631520e0}
skipping all the way
cella &{43200 0xc42f32eae0 0xc431cfee60}
cellb &{55217 0xc4631520e0 0xc4631520e0}
skipping all the way
cella &{43300 0xc431faba40 0xc439467500}
cellb &{55217 0xc4631520e0 0xc4631520e0}
skipping all the way
cella &{43400 0xc4395b7b20 0xc436c56b20}
cellb &{55217 0xc4631520e0 0xc4631520e0}
skipping all the way
cella &{43500 0xc436ed5140 0xc437209000}
cellb &{55217 0xc4631520e0 0xc4631520e0}
skipping all the way
cella &{43600 0xc43726caa0 0xc4417dc500}
cellb &{55217 0xc4631520e0 0xc4631520e0}
skipping all the way
cella &{43700 0xc441aa28c0 0xc4386a87c0}
cellb &{55217 0xc4631520e0 0xc4631520e0}
skipping all the way
cella &{43800 0xc438a71a40 0xc43d5e1aa0}
cellb &{55217 0xc4631520e0 0xc4631520e0}
skipping all the way
cella &{43900 0xc43d652180 0xc441c48020}
cellb &{55217 0xc4631520e0 0xc4631520e0}
skipping all the way
cella &{44000 0xc441cd8a40 0xc43da6a8c0}
cellb &{55217 0xc4631520e0 0xc4631520e0}
skipping all the way
cella &{44101 0xc43daee880 0xc44437b020}
cellb &{55217 0xc4631520e0 0xc4631520e0}
skipping all the way
cella &{44200 0xc4443da340 0xc44b6f0c80}
cellb &{55217 0xc4631520e0 0xc4631520e0}
skipping all the way
cella &{44300 0xc44b750a80 0xc450b928c0}
cellb &{55217 0xc4631520e0 0xc4631520e0}
skipping all the way
cella &{44400 0xc450bb75c0 0xc42f66c8a0}
cellb &{55217 0xc4631520e0 0xc4631520e0}
skipping all the way
cella &{44500 0xc42dfb08e0 0xc43f8fc4e0}
cellb &{55217 0xc4631520e0 0xc4631520e0}
skipping all the way
cella &{44601 0xc43f9c64a0 0xc43e7e0660}
cellb &{55217 0xc4631520e0 0xc4631520e0}
skipping all the way
cella &{44700 0xc43e840c00 0xc447e099a0}
cellb &{55217 0xc4631520e0 0xc4631520e0}
skipping all the way
cella &{44804 0xc447e44e20 0xc44a9c8f00}
cellb &{55217 0xc4631520e0 0xc4631520e0}
skipping all the way
cella &{44900 0xc44aa04d00 0xc44d585e20}
cellb &{55217 0xc4631520e0 0xc4631520e0}
skipping all the way
cella &{45001 0xc44d5bb940 0xc4500f6f40}
cellb &{55217 0xc4631520e0 0xc4631520e0}
skipping all the way
cella &{45100 0xc45012cd20 0xc45307ef60}
cellb &{55217 0xc4631520e0 0xc4631520e0}
skipping all the way
cella &{45200 0xc4530b4e40 0xc448bfc060}
cellb &{55217 0xc4631520e0 0xc4631520e0}
skipping all the way
cella &{45300 0xc449690460 0xc44d6cc1c0}
cellb &{55217 0xc4631520e0 0xc4631520e0}
skipping all the way
cella &{45400 0xc44d738520 0xc452ec5380}
cellb &{55217 0xc4631520e0 0xc4631520e0}
skipping all the way
cella &{45500 0xc452ee8700 0xc45622ef20}
cellb &{55217 0xc4631520e0 0xc4631520e0}
skipping all the way
cella &{45600 0xc45647c000 0xc459dc8420}
cellb &{55217 0xc4631520e0 0xc4631520e0}
skipping all the way
cella &{45701 0xc459e105c0 0xc45d5e8fc0}
cellb &{55217 0xc4631520e0 0xc4631520e0}
skipping all the way
cella &{45800 0xc45d837460 0xc4610ff2c0}
cellb &{55217 0xc4631520e0 0xc4631520e0}
skipping all the way
cella &{45900 0xc461146f00 0xc437740980}
cellb &{55217 0xc4631520e0 0xc4631520e0}
skipping all the way
cella &{46001 0xc4378209a0 0xc441cf6320}
cellb &{55217 0xc4631520e0 0xc4631520e0}
skipping all the way
cella &{46100 0xc441d67280 0xc441c26980}
cellb &{55217 0xc4631520e0 0xc4631520e0}
skipping all the way
cella &{46200 0xc441ef8780 0xc448d06020}
cellb &{55217 0xc4631520e0 0xc4631520e0}
skipping all the way
cella &{46300 0xc448d4fb00 0xc44ba2c460}
cellb &{55217 0xc4631520e0 0xc4631520e0}
skipping all the way
cella &{46400 0xc44bc93100 0xc44e8eb880}
cellb &{55217 0xc4631520e0 0xc4631520e0}
skipping all the way
cella &{46501 0xc44e9216e0 0xc4514d3180}
cellb &{55217 0xc4631520e0 0xc4631520e0}
skipping all the way
cella &{46600 0xc4515086c0 0xc4461c95c0}
cellb &{55217 0xc4631520e0 0xc4631520e0}
skipping all the way
cella &{46700 0xc446198b40 0xc4497bce80}
cellb &{55217 0xc4631520e0 0xc4631520e0}
skipping all the way
cella &{46800 0xc449804400 0xc44deb1500}
cellb &{55217 0xc4631520e0 0xc4631520e0}
skipping all the way
cella &{46900 0xc44defa2a0 0xc4513106e0}
cellb &{55217 0xc4631520e0 0xc4631520e0}
skipping all the way
cella &{47000 0xc451334b00 0xc4543009a0}
cellb &{55217 0xc4631520e0 0xc4631520e0}
skipping all the way
cella &{47100 0xc454312ea0 0xc45503cde0}
cellb &{55217 0xc4631520e0 0xc4631520e0}
skipping all the way
cella &{47200 0xc455159480 0xc455fa0ea0}
cellb &{55217 0xc4631520e0 0xc4631520e0}
skipping all the way
cella &{47300 0xc455fb3c40 0xc456f45e80}
cellb &{55217 0xc4631520e0 0xc4631520e0}
skipping all the way
cella &{47400 0xc456f579a0 0xc457ed7060}
cellb &{55217 0xc4631520e0 0xc4631520e0}
skipping all the way
cella &{47500 0xc457eed540 0xc458e38560}
cellb &{55217 0xc4631520e0 0xc4631520e0}
skipping all the way
cella &{47600 0xc458e4a260 0xc459b75440}
cellb &{55217 0xc4631520e0 0xc4631520e0}
skipping all the way
cella &{47700 0xc459b874e0 0xc45aa5b900}
cellb &{55217 0xc4631520e0 0xc4631520e0}
skipping all the way
cella &{47800 0xc45aa9be20 0xc45b7ed280}
cellb &{55217 0xc4631520e0 0xc4631520e0}
skipping all the way
cella &{47900 0xc45b7ff240 0xc45c73abc0}
cellb &{55217 0xc4631520e0 0xc4631520e0}
skipping all the way
cella &{48000 0xc45c74d640 0xc45d645180}
cellb &{55217 0xc4631520e0 0xc4631520e0}
skipping all the way
cella &{48100 0xc45d656640 0xc45e32c0e0}
cellb &{55217 0xc4631520e0 0xc4631520e0}
skipping all the way
cella &{48200 0xc45e33faa0 0xc45f290a40}
cellb &{55217 0xc4631520e0 0xc4631520e0}
skipping all the way
cella &{48300 0xc45f2b4320 0xc45ff8aee0}
cellb &{55217 0xc4631520e0 0xc4631520e0}
skipping all the way
cella &{48400 0xc45ffae900 0xc460ed49e0}
cellb &{55217 0xc4631520e0 0xc4631520e0}
skipping all the way
cella &{48500 0xc460ee70c0 0xc461e8cc80}
cellb &{55217 0xc4631520e0 0xc4631520e0}
skipping all the way
cella &{48600 0xc461e9e280 0xc448bdbec0}
cellb &{55217 0xc4631520e0 0xc4631520e0}
skipping all the way
cella &{48700 0xc448c36620 0xc4548843c0}
cellb &{55217 0xc4631520e0 0xc4631520e0}
skipping all the way
cella &{48800 0xc454891cc0 0xc455cb9a20}
cellb &{55217 0xc4631520e0 0xc4631520e0}
skipping all the way
cella &{48901 0xc455cd85e0 0xc457088de0}
cellb &{55217 0xc4631520e0 0xc4631520e0}
skipping all the way
cella &{49000 0xc4570b8680 0xc4584a4c80}
cellb &{55217 0xc4631520e0 0xc4631520e0}
skipping all the way
cella &{49100 0xc4584ae8e0 0xc45987f4e0}
cellb &{55217 0xc4631520e0 0xc4631520e0}
skipping all the way
cella &{49200 0xc459896e40 0xc45ac5e320}
cellb &{55217 0xc4631520e0 0xc4631520e0}
skipping all the way
cella &{49300 0xc45ac77640 0xc45be10ec0}
cellb &{55217 0xc4631520e0 0xc4631520e0}
skipping all the way
cella &{49400 0xc45c027460 0xc45d1b4320}
cellb &{55217 0xc4631520e0 0xc4631520e0}
skipping all the way
cella &{49500 0xc45d1cc180 0xc45e571a40}
cellb &{55217 0xc4631520e0 0xc4631520e0}
skipping all the way
cella &{49600 0xc45e5b8940 0xc45f94a8e0}
cellb &{55217 0xc4631520e0 0xc4631520e0}
skipping all the way
cella &{49702 0xc45f962320 0xc460cfa460}
cellb &{55217 0xc4631520e0 0xc4631520e0}
skipping all the way
cella &{49800 0xc460d12220 0xc4620b2c60}
cellb &{55217 0xc4631520e0 0xc4631520e0}
skipping all the way
cella &{49901 0xc4620e7580 0xc462a39c20}
cellb &{55217 0xc4631520e0 0xc4631520e0}
skipping all the way
cella &{50000 0xc462a4a880 0xc462f2d760}
cellb &{55217 0xc4631520e0 0xc4631520e0}
skipping all the way
cella &{50100 0xc462f3e5c0 0xc46340f080}
cellb &{55217 0xc4631520e0 0xc4631520e0}
skipping all the way
cella &{50200 0xc463421c80 0xc463909480}
cellb &{55217 0xc4631520e0 0xc4631520e0}
skipping all the way
cella &{50301 0xc463911800 0xc463e22d80}
cellb &{55217 0xc4631520e0 0xc4631520e0}
skipping all the way
cella &{50401 0xc463e2ec40 0xc46431c980}
cellb &{55217 0xc4631520e0 0xc4631520e0}
skipping all the way
cella &{50500 0xc464328740 0xc4647c9000}
cellb &{55217 0xc4631520e0 0xc4631520e0}
skipping all the way
cella &{50600 0xc4647cfb80 0xc464c6fea0}
cellb &{55217 0xc4631520e0 0xc4631520e0}
skipping all the way
cella &{50700 0xc464c8e1a0 0xc46515d260}
cellb &{55217 0xc4631520e0 0xc4631520e0}
skipping all the way
cella &{50800 0xc465168fc0 0xc46560b700}
cellb &{55217 0xc4631520e0 0xc4631520e0}
skipping all the way
cella &{50900 0xc465617de0 0xc465b10d80}
cellb &{55217 0xc4631520e0 0xc4631520e0}
skipping all the way
cella &{51000 0xc465b1ca40 0xc466025940}
cellb &{55217 0xc4631520e0 0xc4631520e0}
skipping all the way
cella &{51100 0xc466031d40 0xc4664d6140}
cellb &{55217 0xc4631520e0 0xc4631520e0}
skipping all the way
cella &{51200 0xc4664e2200 0xc4669f87e0}
cellb &{55217 0xc4631520e0 0xc4631520e0}
skipping all the way
cella &{51300 0xc466a04960 0xc466ef46a0}
cellb &{55217 0xc4631520e0 0xc4631520e0}
skipping all the way
cella &{51400 0xc466efb960 0xc4673b2060}
cellb &{55217 0xc4631520e0 0xc4631520e0}
skipping all the way
cella &{51500 0xc4673b9c80 0xc4678891a0}
cellb &{55217 0xc4631520e0 0xc4631520e0}
skipping all the way
cella &{51600 0xc467894360 0xc467d2ab20}
cellb &{55217 0xc4631520e0 0xc4631520e0}
skipping all the way
cella &{51701 0xc467d36520 0xc4681e8ac0}
cellb &{55217 0xc4631520e0 0xc4631520e0}
skipping all the way
cella &{51800 0xc46820c880 0xc4687079c0}
cellb &{55217 0xc4631520e0 0xc4631520e0}
skipping all the way
cella &{51900 0xc4687130c0 0xc468be9d80}
cellb &{55217 0xc4631520e0 0xc4631520e0}
skipping all the way
cella &{52000 0xc468bfa700 0xc4690c1f60}
cellb &{55217 0xc4631520e0 0xc4631520e0}
skipping all the way
cella &{52100 0xc4690dd5c0 0xc4695e33c0}
cellb &{55217 0xc4631520e0 0xc4631520e0}
skipping all the way
cella &{52201 0xc4695ef5a0 0xc469ac63c0}
cellb &{55217 0xc4631520e0 0xc4631520e0}
skipping all the way
cella &{52300 0xc469acd740 0xc469f97f40}
cellb &{55217 0xc4631520e0 0xc4631520e0}
skipping all the way
cella &{52400 0xc469fa8940 0xc46a4b6aa0}
cellb &{55217 0xc4631520e0 0xc4631520e0}
skipping all the way
cella &{52500 0xc46a4c3440 0xc46a9d8c40}
cellb &{55217 0xc4631520e0 0xc4631520e0}
skipping all the way
cella &{52600 0xc46a9e5a20 0xc46aefe060}
cellb &{55217 0xc4631520e0 0xc4631520e0}
skipping all the way
cella &{52700 0xc46af16380 0xc46b3ec100}
cellb &{55217 0xc4631520e0 0xc4631520e0}
skipping all the way
cella &{52800 0xc46b407d20 0xc46b961de0}
cellb &{55217 0xc4631520e0 0xc4631520e0}
skipping all the way
cella &{52901 0xc46b97c360 0xc46be549c0}
cellb &{55217 0xc4631520e0 0xc4631520e0}
skipping all the way
cella &{53000 0xc46be60260 0xc46c34ea00}
cellb &{55217 0xc4631520e0 0xc4631520e0}
skipping all the way
cella &{53100 0xc46c355c80 0xc46c86d060}
cellb &{55217 0xc4631520e0 0xc4631520e0}
skipping all the way
cella &{53200 0xc46c8800e0 0xc46cd5afe0}
cellb &{55217 0xc4631520e0 0xc4631520e0}
skipping all the way
cella &{53300 0xc46cd63840 0xc46d220520}
cellb &{55217 0xc4631520e0 0xc4631520e0}
skipping all the way
cella &{53400 0xc46d2275c0 0xc46d74bf40}
cellb &{55217 0xc4631520e0 0xc4631520e0}
skipping all the way
cella &{53500 0xc46d7571a0 0xc46dc86b20}
cellb &{55217 0xc4631520e0 0xc4631520e0}
skipping all the way
cella &{53600 0xc46dc93c00 0xc46e1d1cc0}
cellb &{55217 0xc4631520e0 0xc4631520e0}
skipping all the way
cella &{53700 0xc46e1e3420 0xc46e6bf060}
cellb &{55217 0xc4631520e0 0xc4631520e0}
skipping all the way
cella &{53800 0xc46e6cbda0 0xc46eba79a0}
cellb &{55217 0xc4631520e0 0xc4631520e0}
skipping all the way
cella &{53900 0xc46ebb8540 0xc46f084540}
cellb &{55217 0xc4631520e0 0xc4631520e0}
skipping all the way
cella &{54000 0xc46f0907c0 0xc46f573360}
cellb &{55217 0xc4631520e0 0xc4631520e0}
skipping all the way
cella &{54101 0xc46f596c60 0xc46fa84660}
cellb &{55217 0xc4631520e0 0xc4631520e0}
skipping all the way
cella &{54200 0xc46fa90480 0xc46ffba500}
cellb &{55217 0xc4631520e0 0xc4631520e0}
skipping all the way
cella &{54301 0xc46ffc0a80 0xc4704cf9a0}
cellb &{55217 0xc4631520e0 0xc4631520e0}
skipping all the way
cella &{54400 0xc4704db4c0 0xc4709c0740}
cellb &{55217 0xc4631520e0 0xc4631520e0}
skipping all the way
cella &{54500 0xc4709cea20 0xc470f05a60}
cellb &{55217 0xc4631520e0 0xc4631520e0}
skipping all the way
cella &{54600 0xc470f1c7c0 0xc4714231e0}
cellb &{55217 0xc4631520e0 0xc4631520e0}
skipping all the way
cella &{54700 0xc47143a7e0 0xc4719499a0}
cellb &{55217 0xc4631520e0 0xc4631520e0}
skipping all the way
cella &{54800 0xc471955fe0 0xc471e97ca0}
cellb &{55217 0xc4631520e0 0xc4631520e0}
skipping all the way
cella &{54900 0xc471ea3200 0xc4723f2580}
cellb &{55217 0xc4631520e0 0xc4631520e0}
skipping all the way
cella &{55000 0xc4723fec60 0xc47292dbe0}
cellb &{55217 0xc4631520e0 0xc4631520e0}
skipping all the way
cella &{55100 0xc472940040 0xc472e4cae0}
cellb &{55217 0xc4631520e0 0xc4631520e0}
skipping all the way
cella &{55200 0xc472e53b20 0xc47330ba40}
cellb &{55217 0xc4631520e0 0xc4631520e0}
skipping all the way
cella &{55201 0xc472e5ecc0 <nil>}
cellb &{55217 0xc4631520e0 0xc4631520e0}
skipping all the way
cella &{55202 0xc472e71ae0 <nil>}
cellb &{55217 0xc4631520e0 0xc4631520e0}
skipping all the way
cella &{55203 0xc472e7dee0 <nil>}
cellb &{55217 0xc4631520e0 0xc4631520e0}
skipping all the way
cella &{55204 0xc472e9a780 <nil>}
cellb &{55217 0xc4631520e0 0xc4631520e0}
skipping all the way
cella &{55206 0xc472eacd00 <nil>}
cellb &{55217 0xc4631520e0 0xc4631520e0}
skipping all the way
cella &{55207 0xc472eb9260 <nil>}
cellb &{55217 0xc4631520e0 0xc4631520e0}
skipping all the way
cella &{55208 0xc472ec4000 <nil>}
cellb &{55217 0xc4631520e0 0xc4631520e0}
skipping all the way
cella &{55209 0xc472ed0c80 <nil>}
cellb &{55217 0xc4631520e0 0xc4631520e0}
skipping all the way
cella &{55210 0xc472ee89a0 <nil>}
cellb &{55217 0xc4631520e0 0xc4631520e0}
skipping all the way
cella &{55212 0xc472efad80 <nil>}
cellb &{55217 0xc4631520e0 0xc4631520e0}
skipping all the way
cella &{55214 0xc472f06300 <nil>}
cellb &{55217 0xc4631520e0 0xc4631520e0}
skipping all the way
cella &{55215 0xc472f1f040 <nil>}
cellb &{55217 0xc4631520e0 0xc4631520e0}
loop - cella, cellb &{55217 0xc472f2a6a0 <nil>} &{55217 0xc4631520e0 0xc4631520e0}
cella = cellb
loop - cella, cellb &{55218 0xc472f31d20 <nil>} &{59869 <nil> <nil>}
loop - cella < cellb &{55218 0xc472f31d20 <nil>} &{59869 <nil> <nil>}
diff > skipval
skipping all the way
cella &{55218 0xc472f31d20 <nil>}
cellb &{59869 <nil> <nil>}
skipping all the way
cella &{55219 0xc472f3d3e0 <nil>}
cellb &{59869 <nil> <nil>}
skipping all the way
cella &{55220 0xc472f49400 <nil>}
cellb &{59869 <nil> <nil>}
skipping all the way
cella &{55221 0xc472f550e0 <nil>}
cellb &{59869 <nil> <nil>}
skipping all the way
cella &{55222 0xc472f6c4c0 <nil>}
cellb &{59869 <nil> <nil>}
skipping all the way
cella &{55224 0xc472f78780 <nil>}
cellb &{59869 <nil> <nil>}
skipping all the way
cella &{55225 0xc472f7fd60 <nil>}
cellb &{59869 <nil> <nil>}
skipping all the way
cella &{55226 0xc472f8bd00 <nil>}
cellb &{59869 <nil> <nil>}
skipping all the way
cella &{55227 0xc472f97ac0 <nil>}
cellb &{59869 <nil> <nil>}
skipping all the way
cella &{55228 0xc472fa8300 <nil>}
cellb &{59869 <nil> <nil>}
skipping all the way
cella &{55229 0xc472fae820 <nil>}
cellb &{59869 <nil> <nil>}
skipping all the way
cella &{55230 0xc472fc1ac0 <nil>}
cellb &{59869 <nil> <nil>}
skipping all the way
cella &{55232 0xc472fcd980 <nil>}
cellb &{59869 <nil> <nil>}
skipping all the way
cella &{55233 0xc472fd90a0 <nil>}
cellb &{59869 <nil> <nil>}
skipping all the way
cella &{55234 0xc472fe48e0 <nil>}
cellb &{59869 <nil> <nil>}
skipping all the way
cella &{55235 0xc472ff05a0 <nil>}
cellb &{59869 <nil> <nil>}
skipping all the way
cella &{55236 0xc473008620 <nil>}
cellb &{59869 <nil> <nil>}
skipping all the way
cella &{55238 0xc473014d60 <nil>}
cellb &{59869 <nil> <nil>}
skipping all the way
cella &{55239 0xc473020ce0 <nil>}
cellb &{59869 <nil> <nil>}
skipping all the way
cella &{55240 0xc47302d2a0 <nil>}
cellb &{59869 <nil> <nil>}
skipping all the way
cella &{55241 0xc4730392e0 <nil>}
cellb &{59869 <nil> <nil>}
skipping all the way
cella &{55242 0xc473045ee0 <nil>}
cellb &{59869 <nil> <nil>}
skipping all the way
cella &{55243 0xc473051800 <nil>}
cellb &{59869 <nil> <nil>}
skipping all the way
cella &{55244 0xc47305cc60 <nil>}
cellb &{59869 <nil> <nil>}
skipping all the way
cella &{55245 0xc4730683a0 <nil>}
cellb &{59869 <nil> <nil>}
skipping all the way
cella &{55246 0xc473074200 <nil>}
cellb &{59869 <nil> <nil>}
skipping all the way
cella &{55247 0xc473081140 <nil>}
cellb &{59869 <nil> <nil>}
skipping all the way
cella &{55248 0xc47308c640 <nil>}
cellb &{59869 <nil> <nil>}
skipping all the way
cella &{55249 0xc473098420 <nil>}
cellb &{59869 <nil> <nil>}
skipping all the way
cella &{55250 0xc4730a1d80 <nil>}
cellb &{59869 <nil> <nil>}
skipping all the way
cella &{55251 0xc4730ad840 <nil>}
cellb &{59869 <nil> <nil>}
skipping all the way
cella &{55252 0xc4730bd7c0 <nil>}
cellb &{59869 <nil> <nil>}
skipping all the way
cella &{55254 0xc4730c9920 <nil>}
cellb &{59869 <nil> <nil>}
skipping all the way
cella &{55255 0xc4730d5a20 <nil>}
cellb &{59869 <nil> <nil>}
skipping all the way
cella &{55256 0xc4730e9180 <nil>}
cellb &{59869 <nil> <nil>}
skipping all the way
cella &{55257 0xc4730f5380 <nil>}
cellb &{59869 <nil> <nil>}
skipping all the way
cella &{55258 0xc473101180 <nil>}
cellb &{59869 <nil> <nil>}
skipping all the way
cella &{55259 0xc473110760 <nil>}
cellb &{59869 <nil> <nil>}
skipping all the way
cella &{55260 0xc4731281a0 <nil>}
cellb &{59869 <nil> <nil>}
skipping all the way
cella &{55262 0xc473148240 <nil>}
cellb &{59869 <nil> <nil>}
skipping all the way
cella &{55264 0xc47314de60 <nil>}
cellb &{59869 <nil> <nil>}
skipping all the way
cella &{55265 0xc473161520 <nil>}
cellb &{59869 <nil> <nil>}
skipping all the way
cella &{55266 0xc47316cf60 <nil>}
cellb &{59869 <nil> <nil>}
skipping all the way
cella &{55267 0xc4731852e0 <nil>}
cellb &{59869 <nil> <nil>}
skipping all the way
cella &{55269 0xc473194a60 <nil>}
cellb &{59869 <nil> <nil>}
skipping all the way
cella &{55270 0xc4731a0880 <nil>}
cellb &{59869 <nil> <nil>}
skipping all the way
cella &{55271 0xc4731acfe0 <nil>}
cellb &{59869 <nil> <nil>}
skipping all the way
cella &{55272 0xc4731bb720 <nil>}
cellb &{59869 <nil> <nil>}
skipping all the way
cella &{55273 0xc4731cc620 <nil>}
cellb &{59869 <nil> <nil>}
skipping all the way
cella &{55274 0xc4731d9ba0 <nil>}
cellb &{59869 <nil> <nil>}
skipping all the way
cella &{55275 0xc4731eaa60 <nil>}
cellb &{59869 <nil> <nil>}
skipping all the way
cella &{55276 0xc4731fc1a0 <nil>}
cellb &{59869 <nil> <nil>}
skipping all the way
cella &{55277 0xc473208dc0 <nil>}
cellb &{59869 <nil> <nil>}
skipping all the way
cella &{55278 0xc473215ec0 <nil>}
cellb &{59869 <nil> <nil>}
skipping all the way
cella &{55279 0xc473221080 <nil>}
cellb &{59869 <nil> <nil>}
skipping all the way
cella &{55280 0xc47322d7e0 <nil>}
cellb &{59869 <nil> <nil>}
skipping all the way
cella &{55281 0xc473245260 <nil>}
cellb &{59869 <nil> <nil>}
skipping all the way
cella &{55283 0xc473251fc0 <nil>}
cellb &{59869 <nil> <nil>}
skipping all the way
cella &{55284 0xc47325d980 <nil>}
cellb &{59869 <nil> <nil>}
skipping all the way
cella &{55285 0xc473269d00 <nil>}
cellb &{59869 <nil> <nil>}
skipping all the way
cella &{55286 0xc47327ab80 <nil>}
cellb &{59869 <nil> <nil>}
skipping all the way
cella &{55287 0xc473286420 <nil>}
cellb &{59869 <nil> <nil>}
skipping all the way
cella &{55288 0xc47329e160 <nil>}
cellb &{59869 <nil> <nil>}
skipping all the way
cella &{55290 0xc4732a51c0 <nil>}
cellb &{59869 <nil> <nil>}
skipping all the way
cella &{55291 0xc4732b7580 <nil>}
cellb &{59869 <nil> <nil>}
skipping all the way
cella &{55293 0xc4732c2da0 <nil>}
cellb &{59869 <nil> <nil>}
skipping all the way
cella &{55294 0xc4732cf2c0 <nil>}
cellb &{59869 <nil> <nil>}
skipping all the way
cella &{55295 0xc4732e0bc0 <nil>}
cellb &{59869 <nil> <nil>}
skipping all the way
cella &{55297 0xc4732ec960 <nil>}
cellb &{59869 <nil> <nil>}
skipping all the way
cella &{55298 0xc4732f8000 <nil>}
cellb &{59869 <nil> <nil>}
skipping all the way
cella &{55299 0xc47330ba40 <nil>}
cellb &{59869 <nil> <nil>}
skipping all the way
cella &{55301 0xc4733165e0 0xc4737f5f40}
cellb &{59869 <nil> <nil>}
skipping all the way
cella &{55400 0xc4738042a0 0xc473cf3500}
cellb &{59869 <nil> <nil>}
skipping all the way
cella &{55500 0xc473d0b7e0 0xc47420cb60}
cellb &{59869 <nil> <nil>}
skipping all the way
cella &{55601 0xc474225f00 0xc47470dd40}
cellb &{59869 <nil> <nil>}
skipping all the way
cella &{55700 0xc4747192a0 0xc474bfa160}
cellb &{59869 <nil> <nil>}
skipping all the way
cella &{55801 0xc474c06a20 0xc47510c400}
cellb &{59869 <nil> <nil>}
skipping all the way
cella &{55900 0xc475118620 0xc475609820}
cellb &{59869 <nil> <nil>}
skipping all the way
cella &{56001 0xc4756200c0 0xc475b2c460}
cellb &{59869 <nil> <nil>}
skipping all the way
cella &{56100 0xc475b38940 0xc476020980}
cellb &{59869 <nil> <nil>}
skipping all the way
cella &{56200 0xc476039aa0 0xc47658f380}
cellb &{59869 <nil> <nil>}
skipping all the way
cella &{56300 0xc47659bc40 0xc476a9a420}
cellb &{59869 <nil> <nil>}
skipping all the way
cella &{56400 0xc476aa6e20 0xc476fad3c0}
cellb &{59869 <nil> <nil>}
skipping all the way
cella &{56500 0xc476fcd9e0 0xc4774affe0}
cellb &{59869 <nil> <nil>}
skipping all the way
cella &{56600 0xc4774bb340 0xc46671e400}
cellb &{59869 <nil> <nil>}
skipping all the way
cella &{56700 0xc466545520 0xc456778140}
cellb &{59869 <nil> <nil>}
skipping all the way
cella &{56800 0xc455e54940 0xc43bef2de0}
cellb &{59869 <nil> <nil>}
skipping all the way
cella &{56900 0xc437f18300 0xc4332d47a0}
cellb &{59869 <nil> <nil>}
skipping all the way
cella &{57000 0xc4336eb220 0xc438365320}
cellb &{59869 <nil> <nil>}
skipping all the way
cella &{57100 0xc438612340 0xc439b90c00}
cellb &{59869 <nil> <nil>}
skipping all the way
cella &{57200 0xc439c4ab80 0xc441b27640}
cellb &{59869 <nil> <nil>}
skipping all the way
cella &{57300 0xc441eac0a0 0xc439c9a920}
cellb &{59869 <nil> <nil>}
skipping all the way
cella &{57400 0xc43b0fb780 0xc44284d440}
cellb &{59869 <nil> <nil>}
skipping all the way
cella &{57500 0xc4428cae60 0xc442b547c0}
cellb &{59869 <nil> <nil>}
skipping all the way
cella &{57600 0xc442e86aa0 0xc44d396640}
cellb &{59869 <nil> <nil>}
skipping all the way
cella &{57700 0xc44d3eacc0 0xc42dc59380}
cellb &{59869 <nil> <nil>}
skipping all the way
cella &{57800 0xc430f24540 0xc4444cb9a0}
cellb &{59869 <nil> <nil>}
skipping all the way
cella &{57900 0xc4445c0ca0 0xc448630e20}
cellb &{59869 <nil> <nil>}
skipping all the way
cella &{58001 0xc44887d760 0xc44d083be0}
cellb &{59869 <nil> <nil>}
skipping all the way
cella &{58100 0xc44d106620 0xc4515532e0}
cellb &{59869 <nil> <nil>}
skipping all the way
cella &{58200 0xc45182ad80 0xc449764ec0}
cellb &{59869 <nil> <nil>}
skipping all the way
cella &{58300 0xc4497e1120 0xc450691f20}
cellb &{59869 <nil> <nil>}
skipping all the way
cella &{58400 0xc4506dc900 0xc4571077c0}
cellb &{59869 <nil> <nil>}
skipping all the way
cella &{58500 0xc4571a2b00 0xc45d0b3f40}
cellb &{59869 <nil> <nil>}
skipping all the way
cella &{58600 0xc45d143c40 0xc44645d7e0}
cellb &{59869 <nil> <nil>}
skipping all the way
cella &{58700 0xc4463a3740 0xc4488b9780}
cellb &{59869 <nil> <nil>}
skipping all the way
cella &{58800 0xc4489ae300 0xc45116a660}
cellb &{59869 <nil> <nil>}
skipping all the way
cella &{58900 0xc4514aef00 0xc44df286a0}
cellb &{59869 <nil> <nil>}
skipping all the way
cella &{59000 0xc44df4c380 0xc455688f80}
cellb &{59869 <nil> <nil>}
skipping all the way
cella &{59100 0xc4556af1e0 0xc458304940}
cellb &{59869 <nil> <nil>}
skipping all the way
cella &{59200 0xc458323240 0xc45aeefb20}
cellb &{59869 <nil> <nil>}
skipping all the way
cella &{59300 0xc45af48640 0xc45dec3f60}
cellb &{59869 <nil> <nil>}
skipping all the way
cella &{59401 0xc45df12180 0xc460b3c2a0}
cellb &{59869 <nil> <nil>}
skipping all the way
cella &{59500 0xc460b930a0 0xc45513fcc0}
cellb &{59869 <nil> <nil>}
skipping all the way
cella &{59600 0xc4551c6b40 0xc45a9a7080}
cellb &{59869 <nil> <nil>}
skipping all the way
cella &{59700 0xc45a9cb680 0xc46011b2c0}
cellb &{59869 <nil> <nil>}
skipping all the way
cella &{59800 0xc4601633a0 0xc4641f39a0}
cellb &{59869 <nil> <nil>}
skipping all the way
cella &{59801 0xc4601ab3a0 <nil>}
cellb &{59869 <nil> <nil>}
skipping all the way
cella &{59802 0xc4601f34a0 <nil>}
cellb &{59869 <nil> <nil>}
skipping all the way
cella &{59803 0xc460435560 <nil>}
cellb &{59869 <nil> <nil>}
skipping all the way
cella &{59804 0xc460495080 <nil>}
cellb &{59869 <nil> <nil>}
skipping all the way
cella &{59805 0xc4604b95e0 <nil>}
cellb &{59869 <nil> <nil>}
skipping all the way
cella &{59806 0xc4604e51c0 <nil>}
cellb &{59869 <nil> <nil>}
skipping all the way
cella &{59807 0xc460509b60 <nil>}
cellb &{59869 <nil> <nil>}
skipping all the way
cella &{59808 0xc46052d580 <nil>}
cellb &{59869 <nil> <nil>}
skipping all the way
cella &{59809 0xc4605cd5a0 <nil>}
cellb &{59869 <nil> <nil>}
skipping all the way
cella &{59813 0xc4605f18c0 <nil>}
cellb &{59869 <nil> <nil>}
skipping all the way
cella &{59814 0xc46080f020 <nil>}
cellb &{59869 <nil> <nil>}
skipping all the way
cella &{59815 0xc46089eaa0 <nil>}
cellb &{59869 <nil> <nil>}
skipping all the way
cella &{59818 0xc4608c2900 <nil>}
cellb &{59869 <nil> <nil>}
skipping all the way
cella &{59819 0xc4608eed00 <nil>}
cellb &{59869 <nil> <nil>}
skipping all the way
cella &{59820 0xc460913060 <nil>}
cellb &{59869 <nil> <nil>}
skipping all the way
cella &{59821 0xc460946840 <nil>}
cellb &{59869 <nil> <nil>}
skipping all the way
cella &{59822 0xc46096ab80 <nil>}
cellb &{59869 <nil> <nil>}
skipping all the way
cella &{59823 0xc46098edc0 <nil>}
cellb &{59869 <nil> <nil>}
skipping all the way
cella &{59824 0xc4609b3800 <nil>}
cellb &{59869 <nil> <nil>}
skipping all the way
cella &{59825 0xc4609d6720 <nil>}
cellb &{59869 <nil> <nil>}
skipping all the way
cella &{59826 0xc460bf4600 <nil>}
cellb &{59869 <nil> <nil>}
skipping all the way
cella &{59827 0xc460c18b20 <nil>}
cellb &{59869 <nil> <nil>}
skipping all the way
cella &{59828 0xc460c2d960 <nil>}
cellb &{59869 <nil> <nil>}
skipping all the way
cella &{59829 0xc460c6df80 <nil>}
cellb &{59869 <nil> <nil>}
skipping all the way
cella &{59830 0xc460ce0000 <nil>}
cellb &{59869 <nil> <nil>}
skipping all the way
cella &{59831 0xc460d58a80 <nil>}
cellb &{59869 <nil> <nil>}
skipping all the way
cella &{59833 0xc460dbd8e0 <nil>}
cellb &{59869 <nil> <nil>}
skipping all the way
cella &{59834 0xc46102a660 <nil>}
cellb &{59869 <nil> <nil>}
skipping all the way
cella &{59835 0xc461047fe0 <nil>}
cellb &{59869 <nil> <nil>}
skipping all the way
cella &{59836 0xc46108ff40 <nil>}
cellb &{59869 <nil> <nil>}
skipping all the way
cella &{59837 0xc4610d7320 <nil>}
cellb &{59869 <nil> <nil>}
skipping all the way
cella &{59838 0xc46114b160 <nil>}
cellb &{59869 <nil> <nil>}
skipping all the way
cella &{59839 0xc461192a60 <nil>}
cellb &{59869 <nil> <nil>}
skipping all the way
cella &{59840 0xc4611da080 <nil>}
cellb &{59869 <nil> <nil>}
skipping all the way
cella &{59841 0xc4613edbc0 <nil>}
cellb &{59869 <nil> <nil>}
skipping all the way
cella &{59842 0xc4614351c0 <nil>}
cellb &{59869 <nil> <nil>}
skipping all the way
cella &{59843 0xc461d0bfe0 <nil>}
cellb &{59869 <nil> <nil>}
skipping all the way
cella &{59844 0xc461ff4580 <nil>}
cellb &{59869 <nil> <nil>}
skipping all the way
cella &{59845 0xc4620b5540 <nil>}
cellb &{59869 <nil> <nil>}
skipping all the way
cella &{59847 0xc4621bc560 <nil>}
cellb &{59869 <nil> <nil>}
skipping all the way
cella &{59848 0xc4623e74e0 <nil>}
cellb &{59869 <nil> <nil>}
skipping all the way
cella &{59849 0xc462897980 <nil>}
cellb &{59869 <nil> <nil>}
skipping all the way
cella &{59851 0xc46290f460 <nil>}
cellb &{59869 <nil> <nil>}
skipping all the way
cella &{59853 0xc462927600 <nil>}
cellb &{59869 <nil> <nil>}
skipping all the way
cella &{59854 0xc46296fe60 <nil>}
cellb &{59869 <nil> <nil>}
skipping all the way
cella &{59855 0xc4629b7a00 <nil>}
cellb &{59869 <nil> <nil>}
skipping all the way
cella &{59856 0xc462cad280 <nil>}
cellb &{59869 <nil> <nil>}
skipping all the way
cella &{59860 0xc462d356c0 <nil>}
cellb &{59869 <nil> <nil>}
skipping all the way
cella &{59862 0xc462db4320 <nil>}
cellb &{59869 <nil> <nil>}
skipping all the way
cella &{59864 0xc462dcd840 <nil>}
cellb &{59869 <nil> <nil>}
skipping all the way
cella &{59865 0xc46307a180 <nil>}
cellb &{59869 <nil> <nil>}
skipping all the way
cella &{59867 0xc4630c2140 <nil>}
cellb &{59869 <nil> <nil>}
skipping all the way
cella &{59868 0xc46310a3a0 <nil>}
cellb &{59869 <nil> <nil>}
loop - cella, cellb &{59869 0xc4631e32a0 <nil>} &{59869 <nil> <nil>}
cella = cellb
digraph structs {
  node [shape=Mrecord];
  5 [label="<name> cell |{<f0> cellid | 0} |{<f1> next | *main.cell(nil)} |{<f2> skip | *main.cell(nil)}  "];
  4 [label="<name> cell |{<f0> cellid | 59869} |<f1> next|{<f2> skip | *main.cell(nil)}  "];
  4:f1 -> 5:name;
  3 [label="<name> cell |{<f0> cellid | 55217} |<f1> next|<f2> skip "];
  3:f1 -> 4:name;
  3:f2 -> 5:name;
  2 [label="<name> cell |{<f0> cellid | 12956} |<f1> next|{<f2> skip | *main.cell(nil)}  "];
  2:f1 -> 3:name;
  1 [label="<name> cell |{<f0> cellid | 12299} |<f1> next|<f2> skip "];
  1:f1 -> 2:name;
  1:f2 -> 3:name;
}

